{"/Users/daniel-sullivan/projects/bandseeking/components/ui/button.tsx": {"path":"/Users/daniel-sullivan/projects/bandseeking/components/ui/button.tsx","statementMap":{"0":{"start":{"line":7,"column":6},"end":{"line":33,"column":null}},"1":{"start":{"line":41,"column":15},"end":{"line":52,"column":null}},"2":{"start":{"line":43,"column":17},"end":{"line":43,"column":null}},"3":{"start":{"line":44,"column":4},"end":{"line":49,"column":null}},"4":{"start":{"line":54,"column":0},"end":{"line":54,"column":null}}},"fnMap":{"0":{"name":"(anonymous_0)","decl":{"start":{"line":42,"column":2},"end":{"line":42,"column":3}},"loc":{"start":{"line":42,"column":68},"end":{"line":51,"column":null}},"line":42}},"branchMap":{"0":{"loc":{"start":{"line":42,"column":31},"end":{"line":42,"column":48}},"type":"default-arg","locations":[{"start":{"line":42,"column":41},"end":{"line":42,"column":48}}],"line":42},"1":{"loc":{"start":{"line":43,"column":17},"end":{"line":43,"column":null}},"type":"cond-expr","locations":[{"start":{"line":43,"column":27},"end":{"line":43,"column":34}},{"start":{"line":43,"column":34},"end":{"line":43,"column":null}}],"line":43}},"s":{"0":1,"1":1,"2":3,"3":3,"4":1},"f":{"0":3},"b":{"0":[3],"1":[1,2]},"meta":{"lastBranch":2,"lastFunction":1,"lastStatement":5,"seen":{"s:7:6:33:Infinity":0,"s:41:15:52:Infinity":1,"f:42:2:42:3":0,"b:42:41:42:48":0,"s:43:17:43:Infinity":2,"b:43:27:43:34:43:34:43:Infinity":1,"s:44:4:49:Infinity":3,"s:54:0:54:Infinity":4}}}
,"/Users/daniel-sullivan/projects/bandseeking/components/ui/input.tsx": {"path":"/Users/daniel-sullivan/projects/bandseeking/components/ui/input.tsx","statementMap":{"0":{"start":{"line":7,"column":14},"end":{"line":22,"column":null}},"1":{"start":{"line":9,"column":4},"end":{"line":19,"column":null}},"2":{"start":{"line":24,"column":0},"end":{"line":24,"column":null}}},"fnMap":{"0":{"name":"(anonymous_0)","decl":{"start":{"line":8,"column":2},"end":{"line":8,"column":3}},"loc":{"start":{"line":8,"column":42},"end":{"line":21,"column":null}},"line":8}},"branchMap":{},"s":{"0":1,"1":2,"2":1},"f":{"0":2},"b":{},"meta":{"lastBranch":0,"lastFunction":1,"lastStatement":3,"seen":{"s:7:14:22:Infinity":0,"f:8:2:8:3":0,"s:9:4:19:Infinity":1,"s:24:0:24:Infinity":2}}}
,"/Users/daniel-sullivan/projects/bandseeking/components/ui/switch.tsx": {"path":"/Users/daniel-sullivan/projects/bandseeking/components/ui/switch.tsx","statementMap":{"0":{"start":{"line":6,"column":0},"end":{"line":6,"column":null}},"1":{"start":{"line":8,"column":15},"end":{"line":26,"column":null}},"2":{"start":{"line":12,"column":2},"end":{"line":25,"column":null}},"3":{"start":{"line":27,"column":0},"end":{"line":27,"column":null}}},"fnMap":{"0":{"name":"(anonymous_0)","decl":{"start":{"line":11,"column":2},"end":{"line":11,"column":3}},"loc":{"start":{"line":12,"column":2},"end":{"line":25,"column":null}},"line":12}},"branchMap":{},"s":{"0":1,"1":1,"2":2,"3":1},"f":{"0":2},"b":{},"meta":{"lastBranch":0,"lastFunction":1,"lastStatement":4,"seen":{"s:6:0:6:Infinity":0,"s:8:15:26:Infinity":1,"f:11:2:11:3":0,"s:12:2:25:Infinity":2,"s:27:0:27:Infinity":3}}}
,"/Users/daniel-sullivan/projects/bandseeking/lib/utils.ts": {"path":"/Users/daniel-sullivan/projects/bandseeking/lib/utils.ts","statementMap":{"0":{"start":{"line":5,"column":2},"end":{"line":5,"column":null}}},"fnMap":{"0":{"name":"cn","decl":{"start":{"line":4,"column":16},"end":{"line":4,"column":22}},"loc":{"start":{"line":4,"column":44},"end":{"line":6,"column":null}},"line":4}},"branchMap":{},"s":{"0":9},"f":{"0":9},"b":{},"meta":{"lastBranch":0,"lastFunction":1,"lastStatement":1,"seen":{"f:4:16:4:22":0,"s:5:2:5:Infinity":0}}}
,"/Users/daniel-sullivan/projects/bandseeking/lib/band/constants.ts": {"path":"/Users/daniel-sullivan/projects/bandseeking/lib/band/constants.ts","statementMap":{"0":{"start":{"line":19,"column":60},"end":{"line":35,"column":null}},"1":{"start":{"line":37,"column":60},"end":{"line":68,"column":null}},"2":{"start":{"line":70,"column":37},"end":{"line":79,"column":null}},"3":{"start":{"line":83,"column":37},"end":{"line":83,"column":null}},"4":{"start":{"line":86,"column":6},"end":{"line":86,"column":null}},"5":{"start":{"line":87,"column":33},"end":{"line":87,"column":null}},"6":{"start":{"line":88,"column":33},"end":{"line":88,"column":null}},"7":{"start":{"line":91,"column":64},"end":{"line":97,"column":null}},"8":{"start":{"line":94,"column":17},"end":{"line":94,"column":null}},"9":{"start":{"line":95,"column":4},"end":{"line":95,"column":null}}},"fnMap":{"0":{"name":"(anonymous_0)","decl":{"start":{"line":93,"column":2},"end":{"line":93,"column":3}},"loc":{"start":{"line":93,"column":12},"end":{"line":96,"column":null}},"line":93}},"branchMap":{},"s":{"0":1,"1":1,"2":1,"3":1,"4":1,"5":1,"6":1,"7":1,"8":126,"9":126},"f":{"0":126},"b":{},"meta":{"lastBranch":0,"lastFunction":1,"lastStatement":10,"seen":{"s:19:60:35:Infinity":0,"s:37:60:68:Infinity":1,"s:70:37:79:Infinity":2,"s:83:37:83:Infinity":3,"s:86:6:86:Infinity":4,"s:87:33:87:Infinity":5,"s:88:33:88:Infinity":6,"s:91:64:97:Infinity":7,"f:93:2:93:3":0,"s:94:17:94:Infinity":8,"s:95:4:95:Infinity":9}}}
,"/Users/daniel-sullivan/projects/bandseeking/lib/band/filters.ts": {"path":"/Users/daniel-sullivan/projects/bandseeking/lib/band/filters.ts","statementMap":{"0":{"start":{"line":17,"column":2},"end":{"line":21,"column":null}},"1":{"start":{"line":29,"column":27},"end":{"line":29,"column":null}},"2":{"start":{"line":30,"column":23},"end":{"line":32,"column":null}},"3":{"start":{"line":34,"column":2},"end":{"line":78,"column":null}},"4":{"start":{"line":35,"column":19},"end":{"line":35,"column":null}},"5":{"start":{"line":36,"column":20},"end":{"line":36,"column":null}},"6":{"start":{"line":37,"column":21},"end":{"line":37,"column":null}},"7":{"start":{"line":39,"column":4},"end":{"line":44,"column":null}},"8":{"start":{"line":40,"column":23},"end":{"line":40,"column":null}},"9":{"start":{"line":41,"column":6},"end":{"line":43,"column":null}},"10":{"start":{"line":41,"column":43},"end":{"line":41,"column":62}},"11":{"start":{"line":42,"column":8},"end":{"line":42,"column":null}},"12":{"start":{"line":46,"column":4},"end":{"line":51,"column":null}},"13":{"start":{"line":47,"column":25},"end":{"line":47,"column":null}},"14":{"start":{"line":48,"column":6},"end":{"line":50,"column":null}},"15":{"start":{"line":48,"column":44},"end":{"line":48,"column":65}},"16":{"start":{"line":49,"column":8},"end":{"line":49,"column":null}},"17":{"start":{"line":53,"column":4},"end":{"line":57,"column":null}},"18":{"start":{"line":54,"column":6},"end":{"line":56,"column":null}},"19":{"start":{"line":55,"column":8},"end":{"line":55,"column":null}},"20":{"start":{"line":59,"column":4},"end":{"line":61,"column":null}},"21":{"start":{"line":60,"column":6},"end":{"line":60,"column":null}},"22":{"start":{"line":63,"column":21},"end":{"line":75,"column":null}},"23":{"start":{"line":77,"column":4},"end":{"line":77,"column":null}},"24":{"start":{"line":77,"column":41},"end":{"line":77,"column":65}},"25":{"start":{"line":82,"column":2},"end":{"line":87,"column":null}}},"fnMap":{"0":{"name":"hasActiveFilters","decl":{"start":{"line":16,"column":16},"end":{"line":16,"column":33}},"loc":{"start":{"line":16,"column":55},"end":{"line":23,"column":null}},"line":16},"1":{"name":"filterBandsInMemory","decl":{"start":{"line":25,"column":16},"end":{"line":25,"column":null}},"loc":{"start":{"line":28,"column":2},"end":{"line":79,"column":null}},"line":28},"2":{"name":"(anonymous_2)","decl":{"start":{"line":34,"column":22},"end":{"line":34,"column":23}},"loc":{"start":{"line":34,"column":32},"end":{"line":78,"column":3}},"line":34},"3":{"name":"(anonymous_3)","decl":{"start":{"line":41,"column":32},"end":{"line":41,"column":33}},"loc":{"start":{"line":41,"column":43},"end":{"line":41,"column":62}},"line":41},"4":{"name":"(anonymous_4)","decl":{"start":{"line":48,"column":33},"end":{"line":48,"column":34}},"loc":{"start":{"line":48,"column":44},"end":{"line":48,"column":65}},"line":48},"5":{"name":"(anonymous_5)","decl":{"start":{"line":77,"column":30},"end":{"line":77,"column":31}},"loc":{"start":{"line":77,"column":41},"end":{"line":77,"column":65}},"line":77},"6":{"name":"normalizeFilters","decl":{"start":{"line":81,"column":16},"end":{"line":81,"column":33}},"loc":{"start":{"line":81,"column":75},"end":{"line":88,"column":null}},"line":81}},"branchMap":{"0":{"loc":{"start":{"line":18,"column":4},"end":{"line":21,"column":null}},"type":"binary-expr","locations":[{"start":{"line":18,"column":4},"end":{"line":18,"column":null}},{"start":{"line":19,"column":4},"end":{"line":19,"column":null}},{"start":{"line":20,"column":4},"end":{"line":20,"column":null}},{"start":{"line":21,"column":4},"end":{"line":21,"column":null}}],"line":18},"1":{"loc":{"start":{"line":30,"column":23},"end":{"line":32,"column":null}},"type":"cond-expr","locations":[{"start":{"line":31,"column":6},"end":{"line":31,"column":null}},{"start":{"line":32,"column":6},"end":{"line":32,"column":null}}],"line":30},"2":{"loc":{"start":{"line":35,"column":19},"end":{"line":35,"column":null}},"type":"binary-expr","locations":[{"start":{"line":35,"column":19},"end":{"line":35,"column":34}},{"start":{"line":35,"column":34},"end":{"line":35,"column":null}}],"line":35},"3":{"loc":{"start":{"line":36,"column":20},"end":{"line":36,"column":null}},"type":"binary-expr","locations":[{"start":{"line":36,"column":20},"end":{"line":36,"column":36}},{"start":{"line":36,"column":36},"end":{"line":36,"column":null}}],"line":36},"4":{"loc":{"start":{"line":39,"column":4},"end":{"line":44,"column":null}},"type":"if","locations":[{"start":{"line":39,"column":4},"end":{"line":44,"column":null}},{"start":{},"end":{}}],"line":39},"5":{"loc":{"start":{"line":41,"column":6},"end":{"line":43,"column":null}},"type":"if","locations":[{"start":{"line":41,"column":6},"end":{"line":43,"column":null}},{"start":{},"end":{}}],"line":41},"6":{"loc":{"start":{"line":46,"column":4},"end":{"line":51,"column":null}},"type":"if","locations":[{"start":{"line":46,"column":4},"end":{"line":51,"column":null}},{"start":{},"end":{}}],"line":46},"7":{"loc":{"start":{"line":48,"column":6},"end":{"line":50,"column":null}},"type":"if","locations":[{"start":{"line":48,"column":6},"end":{"line":50,"column":null}},{"start":{},"end":{}}],"line":48},"8":{"loc":{"start":{"line":53,"column":4},"end":{"line":57,"column":null}},"type":"if","locations":[{"start":{"line":53,"column":4},"end":{"line":57,"column":null}},{"start":{},"end":{}}],"line":53},"9":{"loc":{"start":{"line":54,"column":6},"end":{"line":56,"column":null}},"type":"if","locations":[{"start":{"line":54,"column":6},"end":{"line":56,"column":null}},{"start":{},"end":{}}],"line":54},"10":{"loc":{"start":{"line":54,"column":10},"end":{"line":54,"column":62}},"type":"binary-expr","locations":[{"start":{"line":54,"column":10},"end":{"line":54,"column":23}},{"start":{"line":54,"column":23},"end":{"line":54,"column":62}}],"line":54},"11":{"loc":{"start":{"line":59,"column":4},"end":{"line":61,"column":null}},"type":"if","locations":[{"start":{"line":59,"column":4},"end":{"line":61,"column":null}},{"start":{},"end":{}}],"line":59},"12":{"loc":{"start":{"line":66,"column":6},"end":{"line":66,"column":null}},"type":"binary-expr","locations":[{"start":{"line":66,"column":6},"end":{"line":66,"column":18}},{"start":{"line":66,"column":18},"end":{"line":66,"column":null}}],"line":66},"13":{"loc":{"start":{"line":69,"column":6},"end":{"line":69,"column":null}},"type":"binary-expr","locations":[{"start":{"line":69,"column":6},"end":{"line":69,"column":18}},{"start":{"line":69,"column":18},"end":{"line":69,"column":null}}],"line":69},"14":{"loc":{"start":{"line":83,"column":13},"end":{"line":83,"column":33}},"type":"binary-expr","locations":[{"start":{"line":83,"column":13},"end":{"line":83,"column":29}},{"start":{"line":83,"column":29},"end":{"line":83,"column":33}}],"line":83},"15":{"loc":{"start":{"line":84,"column":31},"end":{"line":84,"column":49}},"type":"binary-expr","locations":[{"start":{"line":84,"column":31},"end":{"line":84,"column":47}},{"start":{"line":84,"column":47},"end":{"line":84,"column":49}}],"line":84},"16":{"loc":{"start":{"line":85,"column":32},"end":{"line":85,"column":51}},"type":"binary-expr","locations":[{"start":{"line":85,"column":32},"end":{"line":85,"column":49}},{"start":{"line":85,"column":49},"end":{"line":85,"column":51}}],"line":85},"17":{"loc":{"start":{"line":86,"column":34},"end":{"line":86,"column":55}},"type":"binary-expr","locations":[{"start":{"line":86,"column":34},"end":{"line":86,"column":53}},{"start":{"line":86,"column":53},"end":{"line":86,"column":55}}],"line":86}},"s":{"0":6,"1":13,"2":13,"3":13,"4":37,"5":37,"6":37,"7":37,"8":12,"9":12,"10":13,"11":9,"12":28,"13":4,"14":4,"15":4,"16":2,"17":26,"18":4,"19":1,"20":25,"21":9,"22":16,"23":37,"24":17,"25":6},"f":{"0":6,"1":13,"2":37,"3":13,"4":4,"5":17,"6":6},"b":{"0":[6,4,3,2],"1":[6,7],"2":[37,1],"3":[37,1],"4":[12,25],"5":[9,3],"6":[4,24],"7":[2,2],"8":[4,22],"9":[1,3],"10":[4,4],"11":[9,16],"12":[16,1],"13":[37,1],"14":[6,4],"15":[6,4],"16":[6,4],"17":[6,4]},"meta":{"lastBranch":18,"lastFunction":7,"lastStatement":26,"seen":{"f:16:16:16:33":0,"s:17:2:21:Infinity":0,"b:18:4:18:Infinity:19:4:19:Infinity:20:4:20:Infinity:21:4:21:Infinity":0,"f:25:16:25:Infinity":1,"s:29:27:29:Infinity":1,"s:30:23:32:Infinity":2,"b:31:6:31:Infinity:32:6:32:Infinity":1,"s:34:2:78:Infinity":3,"f:34:22:34:23":2,"s:35:19:35:Infinity":4,"b:35:19:35:34:35:34:35:Infinity":2,"s:36:20:36:Infinity":5,"b:36:20:36:36:36:36:36:Infinity":3,"s:37:21:37:Infinity":6,"b:39:4:44:Infinity:undefined:undefined:undefined:undefined":4,"s:39:4:44:Infinity":7,"s:40:23:40:Infinity":8,"b:41:6:43:Infinity:undefined:undefined:undefined:undefined":5,"s:41:6:43:Infinity":9,"f:41:32:41:33":3,"s:41:43:41:62":10,"s:42:8:42:Infinity":11,"b:46:4:51:Infinity:undefined:undefined:undefined:undefined":6,"s:46:4:51:Infinity":12,"s:47:25:47:Infinity":13,"b:48:6:50:Infinity:undefined:undefined:undefined:undefined":7,"s:48:6:50:Infinity":14,"f:48:33:48:34":4,"s:48:44:48:65":15,"s:49:8:49:Infinity":16,"b:53:4:57:Infinity:undefined:undefined:undefined:undefined":8,"s:53:4:57:Infinity":17,"b:54:6:56:Infinity:undefined:undefined:undefined:undefined":9,"s:54:6:56:Infinity":18,"b:54:10:54:23:54:23:54:62":10,"s:55:8:55:Infinity":19,"b:59:4:61:Infinity:undefined:undefined:undefined:undefined":11,"s:59:4:61:Infinity":20,"s:60:6:60:Infinity":21,"s:63:21:75:Infinity":22,"b:66:6:66:18:66:18:66:Infinity":12,"b:69:6:69:18:69:18:69:Infinity":13,"s:77:4:77:Infinity":23,"f:77:30:77:31":5,"s:77:41:77:65":24,"f:81:16:81:33":6,"s:82:2:87:Infinity":25,"b:83:13:83:29:83:29:83:33":14,"b:84:31:84:47:84:47:84:49":15,"b:85:32:85:49:85:49:85:51":16,"b:86:34:86:53:86:53:86:55":17}}}
,"/Users/daniel-sullivan/projects/bandseeking/lib/band/queries.ts": {"path":"/Users/daniel-sullivan/projects/bandseeking/lib/band/queries.ts","statementMap":{"0":{"start":{"line":23,"column":26},"end":{"line":27,"column":null}},"1":{"start":{"line":29,"column":2},"end":{"line":31,"column":null}},"2":{"start":{"line":30,"column":4},"end":{"line":30,"column":null}},"3":{"start":{"line":34,"column":2},"end":{"line":34,"column":null}},"4":{"start":{"line":41,"column":25},"end":{"line":45,"column":null}},"5":{"start":{"line":47,"column":2},"end":{"line":49,"column":null}},"6":{"start":{"line":48,"column":4},"end":{"line":48,"column":null}},"7":{"start":{"line":52,"column":2},"end":{"line":52,"column":null}},"8":{"start":{"line":59,"column":26},"end":{"line":79,"column":null}},"9":{"start":{"line":81,"column":2},"end":{"line":88,"column":null}},"10":{"start":{"line":83,"column":4},"end":{"line":86,"column":null}},"11":{"start":{"line":84,"column":6},"end":{"line":84,"column":null}},"12":{"start":{"line":85,"column":6},"end":{"line":85,"column":null}},"13":{"start":{"line":87,"column":4},"end":{"line":87,"column":null}},"14":{"start":{"line":90,"column":2},"end":{"line":90,"column":null}},"15":{"start":{"line":97,"column":26},"end":{"line":123,"column":null}},"16":{"start":{"line":125,"column":2},"end":{"line":132,"column":null}},"17":{"start":{"line":127,"column":4},"end":{"line":130,"column":null}},"18":{"start":{"line":128,"column":6},"end":{"line":128,"column":null}},"19":{"start":{"line":129,"column":6},"end":{"line":129,"column":null}},"20":{"start":{"line":131,"column":4},"end":{"line":131,"column":null}},"21":{"start":{"line":135,"column":2},"end":{"line":140,"column":null}},"22":{"start":{"line":136,"column":30},"end":{"line":140,"column":6}},"23":{"start":{"line":149,"column":26},"end":{"line":163,"column":null}},"24":{"start":{"line":165,"column":2},"end":{"line":167,"column":null}},"25":{"start":{"line":166,"column":4},"end":{"line":166,"column":null}},"26":{"start":{"line":169,"column":2},"end":{"line":169,"column":null}},"27":{"start":{"line":177,"column":26},"end":{"line":182,"column":null}},"28":{"start":{"line":184,"column":2},"end":{"line":186,"column":null}},"29":{"start":{"line":185,"column":4},"end":{"line":185,"column":null}},"30":{"start":{"line":188,"column":2},"end":{"line":188,"column":null}},"31":{"start":{"line":196,"column":26},"end":{"line":220,"column":null}},"32":{"start":{"line":222,"column":2},"end":{"line":229,"column":null}},"33":{"start":{"line":224,"column":4},"end":{"line":227,"column":null}},"34":{"start":{"line":225,"column":6},"end":{"line":225,"column":null}},"35":{"start":{"line":226,"column":6},"end":{"line":226,"column":null}},"36":{"start":{"line":228,"column":4},"end":{"line":228,"column":null}},"37":{"start":{"line":231,"column":2},"end":{"line":231,"column":null}},"38":{"start":{"line":238,"column":26},"end":{"line":261,"column":null}},"39":{"start":{"line":263,"column":2},"end":{"line":265,"column":null}},"40":{"start":{"line":264,"column":4},"end":{"line":264,"column":null}},"41":{"start":{"line":267,"column":2},"end":{"line":267,"column":null}},"42":{"start":{"line":276,"column":22},"end":{"line":295,"column":null}},"43":{"start":{"line":297,"column":2},"end":{"line":300,"column":null}},"44":{"start":{"line":299,"column":4},"end":{"line":299,"column":null}},"45":{"start":{"line":303,"column":2},"end":{"line":306,"column":null}},"46":{"start":{"line":311,"column":2},"end":{"line":317,"column":null}},"47":{"start":{"line":326,"column":14},"end":{"line":326,"column":null}},"48":{"start":{"line":328,"column":2},"end":{"line":330,"column":null}},"49":{"start":{"line":329,"column":4},"end":{"line":329,"column":null}},"50":{"start":{"line":332,"column":26},"end":{"line":332,"column":null}},"51":{"start":{"line":334,"column":2},"end":{"line":336,"column":null}},"52":{"start":{"line":335,"column":4},"end":{"line":335,"column":null}},"53":{"start":{"line":338,"column":2},"end":{"line":338,"column":null}}},"fnMap":{"0":{"name":"getBandById","decl":{"start":{"line":19,"column":22},"end":{"line":19,"column":null}},"loc":{"start":{"line":22,"column":24},"end":{"line":35,"column":null}},"line":22},"1":{"name":"getBandBySlug","decl":{"start":{"line":37,"column":22},"end":{"line":37,"column":null}},"loc":{"start":{"line":40,"column":24},"end":{"line":53,"column":null}},"line":40},"2":{"name":"getVisibleBandBySlug","decl":{"start":{"line":55,"column":22},"end":{"line":55,"column":null}},"loc":{"start":{"line":58,"column":35},"end":{"line":91,"column":null}},"line":58},"3":{"name":"getUserBands","decl":{"start":{"line":93,"column":22},"end":{"line":93,"column":null}},"loc":{"start":{"line":96,"column":30},"end":{"line":142,"column":null}},"line":96},"4":{"name":"(anonymous_4)","decl":{"start":{"line":136,"column":14},"end":{"line":136,"column":15}},"loc":{"start":{"line":136,"column":30},"end":{"line":140,"column":6}},"line":136},"5":{"name":"getBandMembers","decl":{"start":{"line":145,"column":22},"end":{"line":145,"column":null}},"loc":{"start":{"line":148,"column":36},"end":{"line":170,"column":null}},"line":148},"6":{"name":"getUserRoleInBand","decl":{"start":{"line":172,"column":22},"end":{"line":172,"column":null}},"loc":{"start":{"line":176,"column":65},"end":{"line":189,"column":null}},"line":176},"7":{"name":"getPendingInvitationsForUser","decl":{"start":{"line":192,"column":22},"end":{"line":192,"column":null}},"loc":{"start":{"line":195,"column":41},"end":{"line":232,"column":null}},"line":195},"8":{"name":"getBandInvitations","decl":{"start":{"line":234,"column":22},"end":{"line":234,"column":null}},"loc":{"start":{"line":237,"column":41},"end":{"line":268,"column":null}},"line":237},"9":{"name":"buildBandUpsertPayload","decl":{"start":{"line":271,"column":16},"end":{"line":271,"column":null}},"loc":{"start":{"line":275,"column":27},"end":{"line":307,"column":null}},"line":275},"10":{"name":"generateSlugFromName","decl":{"start":{"line":310,"column":16},"end":{"line":310,"column":37}},"loc":{"start":{"line":310,"column":63},"end":{"line":318,"column":null}},"line":310},"11":{"name":"isSlugAvailable","decl":{"start":{"line":321,"column":22},"end":{"line":321,"column":null}},"loc":{"start":{"line":325,"column":20},"end":{"line":339,"column":null}},"line":325}},"branchMap":{"0":{"loc":{"start":{"line":29,"column":2},"end":{"line":31,"column":null}},"type":"if","locations":[{"start":{"line":29,"column":2},"end":{"line":31,"column":null}},{"start":{},"end":{}}],"line":29},"1":{"loc":{"start":{"line":29,"column":6},"end":{"line":29,"column":42}},"type":"binary-expr","locations":[{"start":{"line":29,"column":6},"end":{"line":29,"column":15}},{"start":{"line":29,"column":15},"end":{"line":29,"column":42}}],"line":29},"2":{"loc":{"start":{"line":34,"column":10},"end":{"line":34,"column":null}},"type":"binary-expr","locations":[{"start":{"line":34,"column":10},"end":{"line":34,"column":34}},{"start":{"line":34,"column":34},"end":{"line":34,"column":null}}],"line":34},"3":{"loc":{"start":{"line":47,"column":2},"end":{"line":49,"column":null}},"type":"if","locations":[{"start":{"line":47,"column":2},"end":{"line":49,"column":null}},{"start":{},"end":{}}],"line":47},"4":{"loc":{"start":{"line":47,"column":6},"end":{"line":47,"column":42}},"type":"binary-expr","locations":[{"start":{"line":47,"column":6},"end":{"line":47,"column":15}},{"start":{"line":47,"column":15},"end":{"line":47,"column":42}}],"line":47},"5":{"loc":{"start":{"line":52,"column":10},"end":{"line":52,"column":null}},"type":"binary-expr","locations":[{"start":{"line":52,"column":10},"end":{"line":52,"column":34}},{"start":{"line":52,"column":34},"end":{"line":52,"column":null}}],"line":52},"6":{"loc":{"start":{"line":81,"column":2},"end":{"line":88,"column":null}},"type":"if","locations":[{"start":{"line":81,"column":2},"end":{"line":88,"column":null}},{"start":{},"end":{}}],"line":81},"7":{"loc":{"start":{"line":81,"column":6},"end":{"line":81,"column":42}},"type":"binary-expr","locations":[{"start":{"line":81,"column":6},"end":{"line":81,"column":15}},{"start":{"line":81,"column":15},"end":{"line":81,"column":42}}],"line":81},"8":{"loc":{"start":{"line":83,"column":4},"end":{"line":86,"column":null}},"type":"if","locations":[{"start":{"line":83,"column":4},"end":{"line":86,"column":null}},{"start":{},"end":{}}],"line":83},"9":{"loc":{"start":{"line":83,"column":8},"end":{"line":83,"column":61}},"type":"binary-expr","locations":[{"start":{"line":83,"column":8},"end":{"line":83,"column":34}},{"start":{"line":83,"column":34},"end":{"line":83,"column":61}}],"line":83},"10":{"loc":{"start":{"line":125,"column":2},"end":{"line":132,"column":null}},"type":"if","locations":[{"start":{"line":125,"column":2},"end":{"line":132,"column":null}},{"start":{},"end":{}}],"line":125},"11":{"loc":{"start":{"line":127,"column":4},"end":{"line":130,"column":null}},"type":"if","locations":[{"start":{"line":127,"column":4},"end":{"line":130,"column":null}},{"start":{},"end":{}}],"line":127},"12":{"loc":{"start":{"line":127,"column":8},"end":{"line":127,"column":61}},"type":"binary-expr","locations":[{"start":{"line":127,"column":8},"end":{"line":127,"column":34}},{"start":{"line":127,"column":34},"end":{"line":127,"column":61}}],"line":127},"13":{"loc":{"start":{"line":136,"column":4},"end":{"line":140,"column":null}},"type":"binary-expr","locations":[{"start":{"line":136,"column":4},"end":{"line":140,"column":11}},{"start":{"line":140,"column":11},"end":{"line":140,"column":null}}],"line":136},"14":{"loc":{"start":{"line":165,"column":2},"end":{"line":167,"column":null}},"type":"if","locations":[{"start":{"line":165,"column":2},"end":{"line":167,"column":null}},{"start":{},"end":{}}],"line":165},"15":{"loc":{"start":{"line":169,"column":10},"end":{"line":169,"column":null}},"type":"binary-expr","locations":[{"start":{"line":169,"column":10},"end":{"line":169,"column":57}},{"start":{"line":169,"column":57},"end":{"line":169,"column":null}}],"line":169},"16":{"loc":{"start":{"line":184,"column":2},"end":{"line":186,"column":null}},"type":"if","locations":[{"start":{"line":184,"column":2},"end":{"line":186,"column":null}},{"start":{},"end":{}}],"line":184},"17":{"loc":{"start":{"line":184,"column":6},"end":{"line":184,"column":42}},"type":"binary-expr","locations":[{"start":{"line":184,"column":6},"end":{"line":184,"column":15}},{"start":{"line":184,"column":15},"end":{"line":184,"column":42}}],"line":184},"18":{"loc":{"start":{"line":188,"column":9},"end":{"line":188,"column":null}},"type":"binary-expr","locations":[{"start":{"line":188,"column":9},"end":{"line":188,"column":23}},{"start":{"line":188,"column":23},"end":{"line":188,"column":null}}],"line":188},"19":{"loc":{"start":{"line":222,"column":2},"end":{"line":229,"column":null}},"type":"if","locations":[{"start":{"line":222,"column":2},"end":{"line":229,"column":null}},{"start":{},"end":{}}],"line":222},"20":{"loc":{"start":{"line":224,"column":4},"end":{"line":227,"column":null}},"type":"if","locations":[{"start":{"line":224,"column":4},"end":{"line":227,"column":null}},{"start":{},"end":{}}],"line":224},"21":{"loc":{"start":{"line":224,"column":8},"end":{"line":224,"column":61}},"type":"binary-expr","locations":[{"start":{"line":224,"column":8},"end":{"line":224,"column":34}},{"start":{"line":224,"column":34},"end":{"line":224,"column":61}}],"line":224},"22":{"loc":{"start":{"line":231,"column":10},"end":{"line":231,"column":null}},"type":"binary-expr","locations":[{"start":{"line":231,"column":10},"end":{"line":231,"column":28}},{"start":{"line":231,"column":28},"end":{"line":231,"column":null}}],"line":231},"23":{"loc":{"start":{"line":263,"column":2},"end":{"line":265,"column":null}},"type":"if","locations":[{"start":{"line":263,"column":2},"end":{"line":265,"column":null}},{"start":{},"end":{}}],"line":263},"24":{"loc":{"start":{"line":267,"column":10},"end":{"line":267,"column":null}},"type":"binary-expr","locations":[{"start":{"line":267,"column":10},"end":{"line":267,"column":28}},{"start":{"line":267,"column":28},"end":{"line":267,"column":null}}],"line":267},"25":{"loc":{"start":{"line":279,"column":9},"end":{"line":279,"column":null}},"type":"binary-expr","locations":[{"start":{"line":279,"column":9},"end":{"line":279,"column":23}},{"start":{"line":279,"column":23},"end":{"line":279,"column":null}}],"line":279},"26":{"loc":{"start":{"line":282,"column":15},"end":{"line":282,"column":null}},"type":"binary-expr","locations":[{"start":{"line":282,"column":15},"end":{"line":282,"column":34}},{"start":{"line":282,"column":34},"end":{"line":282,"column":null}}],"line":282},"27":{"loc":{"start":{"line":286,"column":26},"end":{"line":286,"column":null}},"type":"binary-expr","locations":[{"start":{"line":286,"column":26},"end":{"line":286,"column":56}},{"start":{"line":286,"column":56},"end":{"line":286,"column":null}}],"line":286},"28":{"loc":{"start":{"line":287,"column":18},"end":{"line":287,"column":null}},"type":"binary-expr","locations":[{"start":{"line":287,"column":18},"end":{"line":287,"column":46}},{"start":{"line":287,"column":46},"end":{"line":287,"column":null}}],"line":287},"29":{"loc":{"start":{"line":288,"column":18},"end":{"line":288,"column":null}},"type":"binary-expr","locations":[{"start":{"line":288,"column":18},"end":{"line":288,"column":47}},{"start":{"line":288,"column":47},"end":{"line":288,"column":null}}],"line":288},"30":{"loc":{"start":{"line":289,"column":14},"end":{"line":289,"column":null}},"type":"binary-expr","locations":[{"start":{"line":289,"column":14},"end":{"line":289,"column":33}},{"start":{"line":289,"column":33},"end":{"line":289,"column":null}}],"line":289},"31":{"loc":{"start":{"line":290,"column":17},"end":{"line":290,"column":null}},"type":"binary-expr","locations":[{"start":{"line":290,"column":17},"end":{"line":290,"column":39}},{"start":{"line":290,"column":39},"end":{"line":290,"column":null}}],"line":290},"32":{"loc":{"start":{"line":291,"column":27},"end":{"line":291,"column":null}},"type":"binary-expr","locations":[{"start":{"line":291,"column":27},"end":{"line":291,"column":59}},{"start":{"line":291,"column":59},"end":{"line":291,"column":null}}],"line":291},"33":{"loc":{"start":{"line":292,"column":18},"end":{"line":292,"column":null}},"type":"binary-expr","locations":[{"start":{"line":292,"column":18},"end":{"line":292,"column":40}},{"start":{"line":292,"column":40},"end":{"line":292,"column":null}}],"line":292},"34":{"loc":{"start":{"line":293,"column":19},"end":{"line":293,"column":null}},"type":"binary-expr","locations":[{"start":{"line":293,"column":19},"end":{"line":293,"column":42}},{"start":{"line":293,"column":42},"end":{"line":293,"column":null}}],"line":293},"35":{"loc":{"start":{"line":297,"column":2},"end":{"line":300,"column":null}},"type":"if","locations":[{"start":{"line":297,"column":2},"end":{"line":300,"column":null}},{"start":{},"end":{}}],"line":297},"36":{"loc":{"start":{"line":328,"column":2},"end":{"line":330,"column":null}},"type":"if","locations":[{"start":{"line":328,"column":2},"end":{"line":330,"column":null}},{"start":{},"end":{}}],"line":328},"37":{"loc":{"start":{"line":334,"column":2},"end":{"line":336,"column":null}},"type":"if","locations":[{"start":{"line":334,"column":2},"end":{"line":336,"column":null}},{"start":{},"end":{}}],"line":334},"38":{"loc":{"start":{"line":334,"column":6},"end":{"line":334,"column":42}},"type":"binary-expr","locations":[{"start":{"line":334,"column":6},"end":{"line":334,"column":15}},{"start":{"line":334,"column":15},"end":{"line":334,"column":42}}],"line":334}},"s":{"0":4,"1":4,"2":1,"3":3,"4":3,"5":3,"6":1,"7":2,"8":4,"9":4,"10":2,"11":1,"12":1,"13":1,"14":2,"15":4,"16":4,"17":2,"18":1,"19":1,"20":1,"21":2,"22":1,"23":3,"24":3,"25":1,"26":2,"27":5,"28":5,"29":1,"30":4,"31":4,"32":4,"33":2,"34":1,"35":1,"36":1,"37":2,"38":3,"39":3,"40":1,"41":2,"42":3,"43":3,"44":1,"45":2,"46":9,"47":4,"48":4,"49":1,"50":4,"51":4,"52":1,"53":3},"f":{"0":4,"1":3,"2":4,"3":4,"4":1,"5":3,"6":5,"7":4,"8":3,"9":3,"10":9,"11":4},"b":{"0":[1,3],"1":[4,2],"2":[3,2],"3":[1,2],"4":[3,1],"5":[2,1],"6":[2,2],"7":[4,2],"8":[1,1],"9":[2,1],"10":[2,2],"11":[1,1],"12":[2,1],"13":[2,0],"14":[1,2],"15":[2,0],"16":[1,4],"17":[5,1],"18":[4,1],"19":[2,2],"20":[1,1],"21":[2,1],"22":[2,0],"23":[1,2],"24":[2,0],"25":[3,1],"26":[3,1],"27":[3,1],"28":[3,1],"29":[3,1],"30":[3,1],"31":[3,1],"32":[3,1],"33":[3,1],"34":[3,1],"35":[1,2],"36":[1,3],"37":[1,3],"38":[4,1]},"meta":{"lastBranch":39,"lastFunction":12,"lastStatement":54,"seen":{"f:19:22:19:Infinity":0,"s:23:26:27:Infinity":0,"b:29:2:31:Infinity:undefined:undefined:undefined:undefined":0,"s:29:2:31:Infinity":1,"b:29:6:29:15:29:15:29:42":1,"s:30:4:30:Infinity":2,"s:34:2:34:Infinity":3,"b:34:10:34:34:34:34:34:Infinity":2,"f:37:22:37:Infinity":1,"s:41:25:45:Infinity":4,"b:47:2:49:Infinity:undefined:undefined:undefined:undefined":3,"s:47:2:49:Infinity":5,"b:47:6:47:15:47:15:47:42":4,"s:48:4:48:Infinity":6,"s:52:2:52:Infinity":7,"b:52:10:52:34:52:34:52:Infinity":5,"f:55:22:55:Infinity":2,"s:59:26:79:Infinity":8,"b:81:2:88:Infinity:undefined:undefined:undefined:undefined":6,"s:81:2:88:Infinity":9,"b:81:6:81:15:81:15:81:42":7,"b:83:4:86:Infinity:undefined:undefined:undefined:undefined":8,"s:83:4:86:Infinity":10,"b:83:8:83:34:83:34:83:61":9,"s:84:6:84:Infinity":11,"s:85:6:85:Infinity":12,"s:87:4:87:Infinity":13,"s:90:2:90:Infinity":14,"f:93:22:93:Infinity":3,"s:97:26:123:Infinity":15,"b:125:2:132:Infinity:undefined:undefined:undefined:undefined":10,"s:125:2:132:Infinity":16,"b:127:4:130:Infinity:undefined:undefined:undefined:undefined":11,"s:127:4:130:Infinity":17,"b:127:8:127:34:127:34:127:61":12,"s:128:6:128:Infinity":18,"s:129:6:129:Infinity":19,"s:131:4:131:Infinity":20,"s:135:2:140:Infinity":21,"b:136:4:140:11:140:11:140:Infinity":13,"f:136:14:136:15":4,"s:136:30:140:6":22,"f:145:22:145:Infinity":5,"s:149:26:163:Infinity":23,"b:165:2:167:Infinity:undefined:undefined:undefined:undefined":14,"s:165:2:167:Infinity":24,"s:166:4:166:Infinity":25,"s:169:2:169:Infinity":26,"b:169:10:169:57:169:57:169:Infinity":15,"f:172:22:172:Infinity":6,"s:177:26:182:Infinity":27,"b:184:2:186:Infinity:undefined:undefined:undefined:undefined":16,"s:184:2:186:Infinity":28,"b:184:6:184:15:184:15:184:42":17,"s:185:4:185:Infinity":29,"s:188:2:188:Infinity":30,"b:188:9:188:23:188:23:188:Infinity":18,"f:192:22:192:Infinity":7,"s:196:26:220:Infinity":31,"b:222:2:229:Infinity:undefined:undefined:undefined:undefined":19,"s:222:2:229:Infinity":32,"b:224:4:227:Infinity:undefined:undefined:undefined:undefined":20,"s:224:4:227:Infinity":33,"b:224:8:224:34:224:34:224:61":21,"s:225:6:225:Infinity":34,"s:226:6:226:Infinity":35,"s:228:4:228:Infinity":36,"s:231:2:231:Infinity":37,"b:231:10:231:28:231:28:231:Infinity":22,"f:234:22:234:Infinity":8,"s:238:26:261:Infinity":38,"b:263:2:265:Infinity:undefined:undefined:undefined:undefined":23,"s:263:2:265:Infinity":39,"s:264:4:264:Infinity":40,"s:267:2:267:Infinity":41,"b:267:10:267:28:267:28:267:Infinity":24,"f:271:16:271:Infinity":9,"s:276:22:295:Infinity":42,"b:279:9:279:23:279:23:279:Infinity":25,"b:282:15:282:34:282:34:282:Infinity":26,"b:286:26:286:56:286:56:286:Infinity":27,"b:287:18:287:46:287:46:287:Infinity":28,"b:288:18:288:47:288:47:288:Infinity":29,"b:289:14:289:33:289:33:289:Infinity":30,"b:290:17:290:39:290:39:290:Infinity":31,"b:291:27:291:59:291:59:291:Infinity":32,"b:292:18:292:40:292:40:292:Infinity":33,"b:293:19:293:42:293:42:293:Infinity":34,"b:297:2:300:Infinity:undefined:undefined:undefined:undefined":35,"s:297:2:300:Infinity":43,"s:299:4:299:Infinity":44,"s:303:2:306:Infinity":45,"f:310:16:310:37":10,"s:311:2:317:Infinity":46,"f:321:22:321:Infinity":11,"s:326:14:326:Infinity":47,"b:328:2:330:Infinity:undefined:undefined:undefined:undefined":36,"s:328:2:330:Infinity":48,"s:329:4:329:Infinity":49,"s:332:26:332:Infinity":50,"b:334:2:336:Infinity:undefined:undefined:undefined:undefined":37,"s:334:2:336:Infinity":51,"b:334:6:334:15:334:15:334:42":38,"s:335:4:335:Infinity":52,"s:338:2:338:Infinity":53}}}
,"/Users/daniel-sullivan/projects/bandseeking/lib/messaging/queries.ts": {"path":"/Users/daniel-sullivan/projects/bandseeking/lib/messaging/queries.ts","statementMap":{"0":{"start":{"line":22,"column":26},"end":{"line":28,"column":null}},"1":{"start":{"line":30,"column":2},"end":{"line":32,"column":null}},"2":{"start":{"line":31,"column":4},"end":{"line":31,"column":null}},"3":{"start":{"line":39,"column":2},"end":{"line":41,"column":null}},"4":{"start":{"line":40,"column":4},"end":{"line":40,"column":null}},"5":{"start":{"line":43,"column":26},"end":{"line":46,"column":null}},"6":{"start":{"line":48,"column":2},"end":{"line":50,"column":null}},"7":{"start":{"line":49,"column":4},"end":{"line":49,"column":null}},"8":{"start":{"line":52,"column":42},"end":{"line":52,"column":null}},"9":{"start":{"line":53,"column":2},"end":{"line":55,"column":null}},"10":{"start":{"line":54,"column":4},"end":{"line":54,"column":null}},"11":{"start":{"line":56,"column":2},"end":{"line":56,"column":null}},"12":{"start":{"line":63,"column":2},"end":{"line":65,"column":null}},"13":{"start":{"line":64,"column":4},"end":{"line":64,"column":null}},"14":{"start":{"line":67,"column":26},"end":{"line":71,"column":null}},"15":{"start":{"line":73,"column":2},"end":{"line":75,"column":null}},"16":{"start":{"line":74,"column":4},"end":{"line":74,"column":null}},"17":{"start":{"line":77,"column":2},"end":{"line":77,"column":null}},"18":{"start":{"line":84,"column":26},"end":{"line":90,"column":null}},"19":{"start":{"line":92,"column":2},"end":{"line":94,"column":null}},"20":{"start":{"line":93,"column":4},"end":{"line":93,"column":null}},"21":{"start":{"line":96,"column":2},"end":{"line":96,"column":null}},"22":{"start":{"line":105,"column":27},"end":{"line":110,"column":null}},"23":{"start":{"line":112,"column":2},"end":{"line":114,"column":null}},"24":{"start":{"line":113,"column":4},"end":{"line":113,"column":null}},"25":{"start":{"line":116,"column":2},"end":{"line":116,"column":null}},"26":{"start":{"line":123,"column":59},"end":{"line":128,"column":null}},"27":{"start":{"line":130,"column":2},"end":{"line":132,"column":null}},"28":{"start":{"line":131,"column":4},"end":{"line":131,"column":null}},"29":{"start":{"line":134,"column":8},"end":{"line":134,"column":null}},"30":{"start":{"line":134,"column":62},"end":{"line":134,"column":81}},"31":{"start":{"line":136,"column":2},"end":{"line":138,"column":null}},"32":{"start":{"line":137,"column":4},"end":{"line":137,"column":null}},"33":{"start":{"line":140,"column":60},"end":{"line":144,"column":null}},"34":{"start":{"line":146,"column":2},"end":{"line":148,"column":null}},"35":{"start":{"line":147,"column":4},"end":{"line":147,"column":null}},"36":{"start":{"line":150,"column":23},"end":{"line":150,"column":null}},"37":{"start":{"line":152,"column":25},"end":{"line":154,"column":null}},"38":{"start":{"line":153,"column":44},"end":{"line":153,"column":86}},"39":{"start":{"line":156,"column":21},"end":{"line":156,"column":null}},"40":{"start":{"line":157,"column":2},"end":{"line":159,"column":null}},"41":{"start":{"line":158,"column":4},"end":{"line":158,"column":null}},"42":{"start":{"line":160,"column":2},"end":{"line":164,"column":null}},"43":{"start":{"line":161,"column":4},"end":{"line":163,"column":null}},"44":{"start":{"line":162,"column":6},"end":{"line":162,"column":null}},"45":{"start":{"line":166,"column":19},"end":{"line":166,"column":null}},"46":{"start":{"line":168,"column":24},"end":{"line":170,"column":null}},"47":{"start":{"line":169,"column":40},"end":{"line":169,"column":66}},"48":{"start":{"line":172,"column":27},"end":{"line":172,"column":null}},"49":{"start":{"line":173,"column":2},"end":{"line":177,"column":null}},"50":{"start":{"line":174,"column":4},"end":{"line":176,"column":null}},"51":{"start":{"line":175,"column":6},"end":{"line":175,"column":null}},"52":{"start":{"line":179,"column":23},"end":{"line":186,"column":null}},"53":{"start":{"line":181,"column":25},"end":{"line":181,"column":null}},"54":{"start":{"line":182,"column":27},"end":{"line":182,"column":null}},"55":{"start":{"line":183,"column":20},"end":{"line":183,"column":null}},"56":{"start":{"line":184,"column":6},"end":{"line":184,"column":null}},"57":{"start":{"line":188,"column":25},"end":{"line":188,"column":null}},"58":{"start":{"line":190,"column":43},"end":{"line":190,"column":null}},"59":{"start":{"line":192,"column":2},"end":{"line":216,"column":null}},"60":{"start":{"line":193,"column":19},"end":{"line":193,"column":null}},"61":{"start":{"line":193,"column":56},"end":{"line":193,"column":103}},"62":{"start":{"line":195,"column":69},"end":{"line":198,"column":null}},"63":{"start":{"line":195,"column":98},"end":{"line":198,"column":6}},"64":{"start":{"line":200,"column":26},"end":{"line":200,"column":null}},"65":{"start":{"line":201,"column":33},"end":{"line":203,"column":null}},"66":{"start":{"line":205,"column":41},"end":{"line":209,"column":null}},"67":{"start":{"line":211,"column":4},"end":{"line":213,"column":null}},"68":{"start":{"line":212,"column":6},"end":{"line":212,"column":null}},"69":{"start":{"line":215,"column":4},"end":{"line":215,"column":null}},"70":{"start":{"line":218,"column":2},"end":{"line":218,"column":null}},"71":{"start":{"line":218,"column":27},"end":{"line":218,"column":77}},"72":{"start":{"line":220,"column":2},"end":{"line":220,"column":null}},"73":{"start":{"line":229,"column":14},"end":{"line":235,"column":null}},"74":{"start":{"line":237,"column":2},"end":{"line":239,"column":null}},"75":{"start":{"line":238,"column":4},"end":{"line":238,"column":null}},"76":{"start":{"line":241,"column":26},"end":{"line":241,"column":null}},"77":{"start":{"line":243,"column":2},"end":{"line":245,"column":null}},"78":{"start":{"line":244,"column":4},"end":{"line":244,"column":null}},"79":{"start":{"line":247,"column":15},"end":{"line":247,"column":null}},"80":{"start":{"line":248,"column":18},"end":{"line":248,"column":null}},"81":{"start":{"line":249,"column":18},"end":{"line":249,"column":null}},"82":{"start":{"line":251,"column":24},"end":{"line":251,"column":null}},"83":{"start":{"line":251,"column":64},"end":{"line":251,"column":77}},"84":{"start":{"line":252,"column":19},"end":{"line":252,"column":null}},"85":{"start":{"line":254,"column":41},"end":{"line":259,"column":null}},"86":{"start":{"line":255,"column":19},"end":{"line":258,"column":6}},"87":{"start":{"line":261,"column":2},"end":{"line":264,"column":null}},"88":{"start":{"line":272,"column":20},"end":{"line":277,"column":null}},"89":{"start":{"line":279,"column":2},"end":{"line":281,"column":null}},"90":{"start":{"line":280,"column":4},"end":{"line":280,"column":null}}},"fnMap":{"0":{"name":"assertParticipant","decl":{"start":{"line":17,"column":22},"end":{"line":17,"column":null}},"loc":{"start":{"line":21,"column":17},"end":{"line":33,"column":null}},"line":21},"1":{"name":"fetchProfilesByUserIds","decl":{"start":{"line":35,"column":15},"end":{"line":35,"column":null}},"loc":{"start":{"line":38,"column":39},"end":{"line":57,"column":null}},"line":38},"2":{"name":"fetchParticipantsForConversations","decl":{"start":{"line":59,"column":15},"end":{"line":59,"column":null}},"loc":{"start":{"line":62,"column":41},"end":{"line":78,"column":null}},"line":62},"3":{"name":"fetchLatestMessage","decl":{"start":{"line":80,"column":15},"end":{"line":80,"column":null}},"loc":{"start":{"line":83,"column":30},"end":{"line":97,"column":null}},"line":83},"4":{"name":"fetchUnreadCount","decl":{"start":{"line":99,"column":15},"end":{"line":99,"column":null}},"loc":{"start":{"line":104,"column":19},"end":{"line":117,"column":null}},"line":104},"5":{"name":"getConversationSummaries","decl":{"start":{"line":119,"column":22},"end":{"line":119,"column":null}},"loc":{"start":{"line":122,"column":34},"end":{"line":221,"column":null}},"line":122},"6":{"name":"(anonymous_6)","decl":{"start":{"line":134,"column":53},"end":{"line":134,"column":54}},"loc":{"start":{"line":134,"column":62},"end":{"line":134,"column":81}},"line":134},"7":{"name":"(anonymous_7)","decl":{"start":{"line":153,"column":24},"end":{"line":153,"column":25}},"loc":{"start":{"line":153,"column":44},"end":{"line":153,"column":86}},"line":153},"8":{"name":"(anonymous_8)","decl":{"start":{"line":169,"column":31},"end":{"line":169,"column":32}},"loc":{"start":{"line":169,"column":40},"end":{"line":169,"column":66}},"line":169},"9":{"name":"(anonymous_9)","decl":{"start":{"line":173,"column":25},"end":{"line":173,"column":26}},"loc":{"start":{"line":173,"column":45},"end":{"line":177,"column":3}},"line":173},"10":{"name":"(anonymous_10)","decl":{"start":{"line":180,"column":24},"end":{"line":180,"column":31}},"loc":{"start":{"line":180,"column":50},"end":{"line":185,"column":5}},"line":180},"11":{"name":"(anonymous_11)","decl":{"start":{"line":193,"column":39},"end":{"line":193,"column":40}},"loc":{"start":{"line":193,"column":56},"end":{"line":193,"column":103}},"line":193},"12":{"name":"(anonymous_12)","decl":{"start":{"line":195,"column":80},"end":{"line":195,"column":81}},"loc":{"start":{"line":195,"column":98},"end":{"line":198,"column":6}},"line":195},"13":{"name":"(anonymous_13)","decl":{"start":{"line":218,"column":17},"end":{"line":218,"column":18}},"loc":{"start":{"line":218,"column":27},"end":{"line":218,"column":77}},"line":218},"14":{"name":"getMessagesForConversation","decl":{"start":{"line":223,"column":22},"end":{"line":223,"column":null}},"loc":{"start":{"line":228,"column":30},"end":{"line":265,"column":null}},"line":228},"15":{"name":"(anonymous_15)","decl":{"start":{"line":251,"column":55},"end":{"line":251,"column":56}},"loc":{"start":{"line":251,"column":64},"end":{"line":251,"column":77}},"line":251},"16":{"name":"(anonymous_16)","decl":{"start":{"line":255,"column":9},"end":{"line":255,"column":10}},"loc":{"start":{"line":255,"column":19},"end":{"line":258,"column":6}},"line":255},"17":{"name":"markConversationRead","decl":{"start":{"line":267,"column":22},"end":{"line":267,"column":null}},"loc":{"start":{"line":271,"column":17},"end":{"line":282,"column":null}},"line":271}},"branchMap":{"0":{"loc":{"start":{"line":30,"column":2},"end":{"line":32,"column":null}},"type":"if","locations":[{"start":{"line":30,"column":2},"end":{"line":32,"column":null}},{"start":{},"end":{}}],"line":30},"1":{"loc":{"start":{"line":30,"column":6},"end":{"line":30,"column":22}},"type":"binary-expr","locations":[{"start":{"line":30,"column":6},"end":{"line":30,"column":15}},{"start":{"line":30,"column":15},"end":{"line":30,"column":22}}],"line":30},"2":{"loc":{"start":{"line":39,"column":2},"end":{"line":41,"column":null}},"type":"if","locations":[{"start":{"line":39,"column":2},"end":{"line":41,"column":null}},{"start":{},"end":{}}],"line":39},"3":{"loc":{"start":{"line":48,"column":2},"end":{"line":50,"column":null}},"type":"if","locations":[{"start":{"line":48,"column":2},"end":{"line":50,"column":null}},{"start":{},"end":{}}],"line":48},"4":{"loc":{"start":{"line":53,"column":24},"end":{"line":53,"column":36}},"type":"binary-expr","locations":[{"start":{"line":53,"column":24},"end":{"line":53,"column":32}},{"start":{"line":53,"column":32},"end":{"line":53,"column":36}}],"line":53},"5":{"loc":{"start":{"line":63,"column":2},"end":{"line":65,"column":null}},"type":"if","locations":[{"start":{"line":63,"column":2},"end":{"line":65,"column":null}},{"start":{},"end":{}}],"line":63},"6":{"loc":{"start":{"line":73,"column":2},"end":{"line":75,"column":null}},"type":"if","locations":[{"start":{"line":73,"column":2},"end":{"line":75,"column":null}},{"start":{},"end":{}}],"line":73},"7":{"loc":{"start":{"line":77,"column":9},"end":{"line":77,"column":null}},"type":"binary-expr","locations":[{"start":{"line":77,"column":9},"end":{"line":77,"column":17}},{"start":{"line":77,"column":17},"end":{"line":77,"column":null}}],"line":77},"8":{"loc":{"start":{"line":92,"column":2},"end":{"line":94,"column":null}},"type":"if","locations":[{"start":{"line":92,"column":2},"end":{"line":94,"column":null}},{"start":{},"end":{}}],"line":92},"9":{"loc":{"start":{"line":92,"column":6},"end":{"line":92,"column":42}},"type":"binary-expr","locations":[{"start":{"line":92,"column":6},"end":{"line":92,"column":15}},{"start":{"line":92,"column":15},"end":{"line":92,"column":42}}],"line":92},"10":{"loc":{"start":{"line":96,"column":9},"end":{"line":96,"column":null}},"type":"binary-expr","locations":[{"start":{"line":96,"column":9},"end":{"line":96,"column":17}},{"start":{"line":96,"column":17},"end":{"line":96,"column":null}}],"line":96},"11":{"loc":{"start":{"line":109,"column":22},"end":{"line":109,"column":56}},"type":"binary-expr","locations":[{"start":{"line":109,"column":22},"end":{"line":109,"column":34}},{"start":{"line":109,"column":34},"end":{"line":109,"column":56}}],"line":109},"12":{"loc":{"start":{"line":112,"column":2},"end":{"line":114,"column":null}},"type":"if","locations":[{"start":{"line":112,"column":2},"end":{"line":114,"column":null}},{"start":{},"end":{}}],"line":112},"13":{"loc":{"start":{"line":116,"column":9},"end":{"line":116,"column":null}},"type":"binary-expr","locations":[{"start":{"line":116,"column":9},"end":{"line":116,"column":18}},{"start":{"line":116,"column":18},"end":{"line":116,"column":null}}],"line":116},"14":{"loc":{"start":{"line":130,"column":2},"end":{"line":132,"column":null}},"type":"if","locations":[{"start":{"line":130,"column":2},"end":{"line":132,"column":null}},{"start":{},"end":{}}],"line":130},"15":{"loc":{"start":{"line":134,"column":27},"end":{"line":134,"column":49}},"type":"binary-expr","locations":[{"start":{"line":134,"column":27},"end":{"line":134,"column":45}},{"start":{"line":134,"column":45},"end":{"line":134,"column":49}}],"line":134},"16":{"loc":{"start":{"line":136,"column":2},"end":{"line":138,"column":null}},"type":"if","locations":[{"start":{"line":136,"column":2},"end":{"line":138,"column":null}},{"start":{},"end":{}}],"line":136},"17":{"loc":{"start":{"line":146,"column":2},"end":{"line":148,"column":null}},"type":"if","locations":[{"start":{"line":146,"column":2},"end":{"line":148,"column":null}},{"start":{},"end":{}}],"line":146},"18":{"loc":{"start":{"line":161,"column":4},"end":{"line":163,"column":null}},"type":"if","locations":[{"start":{"line":161,"column":4},"end":{"line":163,"column":null}},{"start":{},"end":{}}],"line":161},"19":{"loc":{"start":{"line":169,"column":5},"end":{"line":169,"column":27}},"type":"binary-expr","locations":[{"start":{"line":169,"column":5},"end":{"line":169,"column":23}},{"start":{"line":169,"column":23},"end":{"line":169,"column":27}}],"line":169},"20":{"loc":{"start":{"line":174,"column":4},"end":{"line":176,"column":null}},"type":"if","locations":[{"start":{"line":174,"column":4},"end":{"line":176,"column":null}},{"start":{},"end":{}}],"line":174},"21":{"loc":{"start":{"line":174,"column":8},"end":{"line":174,"column":43}},"type":"binary-expr","locations":[{"start":{"line":174,"column":8},"end":{"line":174,"column":19}},{"start":{"line":174,"column":19},"end":{"line":174,"column":43}}],"line":174},"22":{"loc":{"start":{"line":181,"column":25},"end":{"line":181,"column":null}},"type":"binary-expr","locations":[{"start":{"line":181,"column":25},"end":{"line":181,"column":62}},{"start":{"line":181,"column":62},"end":{"line":181,"column":null}}],"line":181},"23":{"loc":{"start":{"line":182,"column":27},"end":{"line":182,"column":null}},"type":"binary-expr","locations":[{"start":{"line":182,"column":27},"end":{"line":182,"column":55}},{"start":{"line":182,"column":55},"end":{"line":182,"column":80}},{"start":{"line":182,"column":80},"end":{"line":182,"column":null}}],"line":182},"24":{"loc":{"start":{"line":192,"column":29},"end":{"line":192,"column":50}},"type":"binary-expr","locations":[{"start":{"line":192,"column":29},"end":{"line":192,"column":46}},{"start":{"line":192,"column":46},"end":{"line":192,"column":50}}],"line":192},"25":{"loc":{"start":{"line":197,"column":15},"end":{"line":197,"column":null}},"type":"binary-expr","locations":[{"start":{"line":197,"column":15},"end":{"line":197,"column":48}},{"start":{"line":197,"column":48},"end":{"line":197,"column":null}}],"line":197},"26":{"loc":{"start":{"line":200,"column":26},"end":{"line":200,"column":null}},"type":"binary-expr","locations":[{"start":{"line":200,"column":26},"end":{"line":200,"column":67}},{"start":{"line":200,"column":67},"end":{"line":200,"column":null}}],"line":200},"27":{"loc":{"start":{"line":201,"column":33},"end":{"line":203,"column":null}},"type":"cond-expr","locations":[{"start":{"line":202,"column":8},"end":{"line":202,"column":null}},{"start":{"line":203,"column":8},"end":{"line":203,"column":null}}],"line":201},"28":{"loc":{"start":{"line":202,"column":8},"end":{"line":202,"column":null}},"type":"binary-expr","locations":[{"start":{"line":202,"column":8},"end":{"line":202,"column":45}},{"start":{"line":202,"column":45},"end":{"line":202,"column":null}}],"line":202},"29":{"loc":{"start":{"line":208,"column":19},"end":{"line":208,"column":null}},"type":"binary-expr","locations":[{"start":{"line":208,"column":19},"end":{"line":208,"column":58}},{"start":{"line":208,"column":58},"end":{"line":208,"column":null}}],"line":208},"30":{"loc":{"start":{"line":211,"column":4},"end":{"line":213,"column":null}},"type":"if","locations":[{"start":{"line":211,"column":4},"end":{"line":213,"column":null}},{"start":{},"end":{}}],"line":211},"31":{"loc":{"start":{"line":226,"column":2},"end":{"line":226,"column":null}},"type":"default-arg","locations":[{"start":{"line":226,"column":13},"end":{"line":226,"column":null}}],"line":226},"32":{"loc":{"start":{"line":237,"column":2},"end":{"line":239,"column":null}},"type":"if","locations":[{"start":{"line":237,"column":2},"end":{"line":239,"column":null}},{"start":{},"end":{}}],"line":237},"33":{"loc":{"start":{"line":243,"column":2},"end":{"line":245,"column":null}},"type":"if","locations":[{"start":{"line":243,"column":2},"end":{"line":245,"column":null}},{"start":{},"end":{}}],"line":243},"34":{"loc":{"start":{"line":247,"column":15},"end":{"line":247,"column":null}},"type":"binary-expr","locations":[{"start":{"line":247,"column":15},"end":{"line":247,"column":23}},{"start":{"line":247,"column":23},"end":{"line":247,"column":null}}],"line":247},"35":{"loc":{"start":{"line":249,"column":18},"end":{"line":249,"column":null}},"type":"cond-expr","locations":[{"start":{"line":249,"column":28},"end":{"line":249,"column":54}},{"start":{"line":249,"column":54},"end":{"line":249,"column":null}}],"line":249},"36":{"loc":{"start":{"line":257,"column":21},"end":{"line":257,"column":null}},"type":"binary-expr","locations":[{"start":{"line":257,"column":21},"end":{"line":257,"column":48}},{"start":{"line":257,"column":48},"end":{"line":257,"column":null}}],"line":257},"37":{"loc":{"start":{"line":263,"column":16},"end":{"line":263,"column":null}},"type":"cond-expr","locations":[{"start":{"line":263,"column":26},"end":{"line":263,"column":76}},{"start":{"line":263,"column":76},"end":{"line":263,"column":null}}],"line":263},"38":{"loc":{"start":{"line":263,"column":26},"end":{"line":263,"column":76}},"type":"binary-expr","locations":[{"start":{"line":263,"column":26},"end":{"line":263,"column":69}},{"start":{"line":263,"column":69},"end":{"line":263,"column":76}}],"line":263},"39":{"loc":{"start":{"line":279,"column":2},"end":{"line":281,"column":null}},"type":"if","locations":[{"start":{"line":279,"column":2},"end":{"line":281,"column":null}},{"start":{},"end":{}}],"line":279}},"s":{"0":3,"1":3,"2":2,"3":4,"4":1,"5":3,"6":3,"7":0,"8":3,"9":3,"10":4,"11":3,"12":1,"13":0,"14":1,"15":1,"16":0,"17":1,"18":1,"19":1,"20":0,"21":1,"22":1,"23":1,"24":0,"25":1,"26":3,"27":3,"28":1,"29":2,"30":1,"31":3,"32":1,"33":1,"34":1,"35":0,"36":1,"37":1,"38":1,"39":1,"40":1,"41":1,"42":1,"43":1,"44":0,"45":1,"46":1,"47":1,"48":3,"49":3,"50":1,"51":0,"52":3,"53":1,"54":1,"55":1,"56":1,"57":1,"58":1,"59":1,"60":1,"61":1,"62":1,"63":1,"64":1,"65":1,"66":1,"67":1,"68":0,"69":1,"70":1,"71":0,"72":1,"73":4,"74":4,"75":0,"76":4,"77":4,"78":1,"79":3,"80":4,"81":4,"82":4,"83":52,"84":4,"85":3,"86":52,"87":3,"88":2,"89":2,"90":1},"f":{"0":3,"1":4,"2":1,"3":1,"4":1,"5":3,"6":1,"7":1,"8":1,"9":1,"10":1,"11":1,"12":1,"13":0,"14":4,"15":52,"16":52,"17":2},"b":{"0":[2,1],"1":[3,2],"2":[1,3],"3":[0,3],"4":[3,0],"5":[0,1],"6":[0,1],"7":[1,0],"8":[0,1],"9":[1,0],"10":[1,1],"11":[1,1],"12":[0,1],"13":[1,1],"14":[1,2],"15":[2,0],"16":[1,2],"17":[0,1],"18":[0,1],"19":[1,0],"20":[0,1],"21":[1,0],"22":[1,0],"23":[1,1,1],"24":[1,0],"25":[1,0],"26":[1,1],"27":[0,1],"28":[0,0],"29":[1,0],"30":[0,1],"31":[4],"32":[0,4],"33":[1,3],"34":[3,0],"35":[1,2],"36":[52,0],"37":[1,2],"38":[1,0],"39":[1,1]},"meta":{"lastBranch":40,"lastFunction":18,"lastStatement":91,"seen":{"f:17:22:17:Infinity":0,"s:22:26:28:Infinity":0,"b:30:2:32:Infinity:undefined:undefined:undefined:undefined":0,"s:30:2:32:Infinity":1,"b:30:6:30:15:30:15:30:22":1,"s:31:4:31:Infinity":2,"f:35:15:35:Infinity":1,"b:39:2:41:Infinity:undefined:undefined:undefined:undefined":2,"s:39:2:41:Infinity":3,"s:40:4:40:Infinity":4,"s:43:26:46:Infinity":5,"b:48:2:50:Infinity:undefined:undefined:undefined:undefined":3,"s:48:2:50:Infinity":6,"s:49:4:49:Infinity":7,"s:52:42:52:Infinity":8,"s:53:2:55:Infinity":9,"b:53:24:53:32:53:32:53:36":4,"s:54:4:54:Infinity":10,"s:56:2:56:Infinity":11,"f:59:15:59:Infinity":2,"b:63:2:65:Infinity:undefined:undefined:undefined:undefined":5,"s:63:2:65:Infinity":12,"s:64:4:64:Infinity":13,"s:67:26:71:Infinity":14,"b:73:2:75:Infinity:undefined:undefined:undefined:undefined":6,"s:73:2:75:Infinity":15,"s:74:4:74:Infinity":16,"s:77:2:77:Infinity":17,"b:77:9:77:17:77:17:77:Infinity":7,"f:80:15:80:Infinity":3,"s:84:26:90:Infinity":18,"b:92:2:94:Infinity:undefined:undefined:undefined:undefined":8,"s:92:2:94:Infinity":19,"b:92:6:92:15:92:15:92:42":9,"s:93:4:93:Infinity":20,"s:96:2:96:Infinity":21,"b:96:9:96:17:96:17:96:Infinity":10,"f:99:15:99:Infinity":4,"s:105:27:110:Infinity":22,"b:109:22:109:34:109:34:109:56":11,"b:112:2:114:Infinity:undefined:undefined:undefined:undefined":12,"s:112:2:114:Infinity":23,"s:113:4:113:Infinity":24,"s:116:2:116:Infinity":25,"b:116:9:116:18:116:18:116:Infinity":13,"f:119:22:119:Infinity":5,"s:123:59:128:Infinity":26,"b:130:2:132:Infinity:undefined:undefined:undefined:undefined":14,"s:130:2:132:Infinity":27,"s:131:4:131:Infinity":28,"s:134:8:134:Infinity":29,"b:134:27:134:45:134:45:134:49":15,"f:134:53:134:54":6,"s:134:62:134:81":30,"b:136:2:138:Infinity:undefined:undefined:undefined:undefined":16,"s:136:2:138:Infinity":31,"s:137:4:137:Infinity":32,"s:140:60:144:Infinity":33,"b:146:2:148:Infinity:undefined:undefined:undefined:undefined":17,"s:146:2:148:Infinity":34,"s:147:4:147:Infinity":35,"s:150:23:150:Infinity":36,"s:152:25:154:Infinity":37,"f:153:24:153:25":7,"s:153:44:153:86":38,"s:156:21:156:Infinity":39,"s:157:2:159:Infinity":40,"s:158:4:158:Infinity":41,"s:160:2:164:Infinity":42,"b:161:4:163:Infinity:undefined:undefined:undefined:undefined":18,"s:161:4:163:Infinity":43,"s:162:6:162:Infinity":44,"s:166:19:166:Infinity":45,"s:168:24:170:Infinity":46,"b:169:5:169:23:169:23:169:27":19,"f:169:31:169:32":8,"s:169:40:169:66":47,"s:172:27:172:Infinity":48,"s:173:2:177:Infinity":49,"f:173:25:173:26":9,"b:174:4:176:Infinity:undefined:undefined:undefined:undefined":20,"s:174:4:176:Infinity":50,"b:174:8:174:19:174:19:174:43":21,"s:175:6:175:Infinity":51,"s:179:23:186:Infinity":52,"f:180:24:180:31":10,"s:181:25:181:Infinity":53,"b:181:25:181:62:181:62:181:Infinity":22,"s:182:27:182:Infinity":54,"b:182:27:182:55:182:55:182:80:182:80:182:Infinity":23,"s:183:20:183:Infinity":55,"s:184:6:184:Infinity":56,"s:188:25:188:Infinity":57,"s:190:43:190:Infinity":58,"s:192:2:216:Infinity":59,"b:192:29:192:46:192:46:192:50":24,"s:193:19:193:Infinity":60,"f:193:39:193:40":11,"s:193:56:193:103":61,"s:195:69:198:Infinity":62,"f:195:80:195:81":12,"s:195:98:198:6":63,"b:197:15:197:48:197:48:197:Infinity":25,"s:200:26:200:Infinity":64,"b:200:26:200:67:200:67:200:Infinity":26,"s:201:33:203:Infinity":65,"b:202:8:202:Infinity:203:8:203:Infinity":27,"b:202:8:202:45:202:45:202:Infinity":28,"s:205:41:209:Infinity":66,"b:208:19:208:58:208:58:208:Infinity":29,"b:211:4:213:Infinity:undefined:undefined:undefined:undefined":30,"s:211:4:213:Infinity":67,"s:212:6:212:Infinity":68,"s:215:4:215:Infinity":69,"s:218:2:218:Infinity":70,"f:218:17:218:18":13,"s:218:27:218:77":71,"s:220:2:220:Infinity":72,"f:223:22:223:Infinity":14,"b:226:13:226:Infinity":31,"s:229:14:235:Infinity":73,"b:237:2:239:Infinity:undefined:undefined:undefined:undefined":32,"s:237:2:239:Infinity":74,"s:238:4:238:Infinity":75,"s:241:26:241:Infinity":76,"b:243:2:245:Infinity:undefined:undefined:undefined:undefined":33,"s:243:2:245:Infinity":77,"s:244:4:244:Infinity":78,"s:247:15:247:Infinity":79,"b:247:15:247:23:247:23:247:Infinity":34,"s:248:18:248:Infinity":80,"s:249:18:249:Infinity":81,"b:249:28:249:54:249:54:249:Infinity":35,"s:251:24:251:Infinity":82,"f:251:55:251:56":15,"s:251:64:251:77":83,"s:252:19:252:Infinity":84,"s:254:41:259:Infinity":85,"f:255:9:255:10":16,"s:255:19:258:6":86,"b:257:21:257:48:257:48:257:Infinity":36,"s:261:2:264:Infinity":87,"b:263:26:263:76:263:76:263:Infinity":37,"b:263:26:263:69:263:69:263:76":38,"f:267:22:267:Infinity":17,"s:272:20:277:Infinity":88,"b:279:2:281:Infinity:undefined:undefined:undefined:undefined":39,"s:279:2:281:Infinity":89,"s:280:4:280:Infinity":90}}}
,"/Users/daniel-sullivan/projects/bandseeking/lib/messaging/validation.ts": {"path":"/Users/daniel-sullivan/projects/bandseeking/lib/messaging/validation.ts","statementMap":{"0":{"start":{"line":3,"column":40},"end":{"line":14,"column":null}},"1":{"start":{"line":16,"column":33},"end":{"line":23,"column":null}},"2":{"start":{"line":25,"column":35},"end":{"line":28,"column":null}},"3":{"start":{"line":30,"column":41},"end":{"line":32,"column":null}}},"fnMap":{},"branchMap":{},"s":{"0":1,"1":1,"2":1,"3":1},"f":{},"b":{},"meta":{"lastBranch":0,"lastFunction":0,"lastStatement":4,"seen":{"s:3:40:14:Infinity":0,"s:16:33:23:Infinity":1,"s:25:35:28:Infinity":2,"s:30:41:32:Infinity":3}}}
,"/Users/daniel-sullivan/projects/bandseeking/lib/notifications/schemas.ts": {"path":"/Users/daniel-sullivan/projects/bandseeking/lib/notifications/schemas.ts","statementMap":{"0":{"start":{"line":4,"column":38},"end":{"line":12,"column":null}},"1":{"start":{"line":15,"column":42},"end":{"line":15,"column":null}},"2":{"start":{"line":18,"column":40},"end":{"line":33,"column":null}},"3":{"start":{"line":36,"column":40},"end":{"line":39,"column":null}},"4":{"start":{"line":42,"column":42},"end":{"line":44,"column":null}},"5":{"start":{"line":47,"column":35},"end":{"line":51,"column":null}},"6":{"start":{"line":54,"column":45},"end":{"line":69,"column":null}},"7":{"start":{"line":72,"column":38},"end":{"line":78,"column":null}},"8":{"start":{"line":81,"column":44},"end":{"line":86,"column":null}},"9":{"start":{"line":89,"column":39},"end":{"line":97,"column":null}},"10":{"start":{"line":100,"column":42},"end":{"line":116,"column":null}},"11":{"start":{"line":119,"column":39},"end":{"line":125,"column":null}},"12":{"start":{"line":128,"column":46},"end":{"line":134,"column":null}},"13":{"start":{"line":137,"column":40},"end":{"line":156,"column":null}},"14":{"start":{"line":160,"column":2},"end":{"line":160,"column":null}},"15":{"start":{"line":164,"column":2},"end":{"line":164,"column":null}},"16":{"start":{"line":168,"column":2},"end":{"line":168,"column":null}},"17":{"start":{"line":172,"column":2},"end":{"line":172,"column":null}}},"fnMap":{"0":{"name":"validateNotificationData","decl":{"start":{"line":159,"column":16},"end":{"line":159,"column":41}},"loc":{"start":{"line":159,"column":56},"end":{"line":161,"column":null}},"line":159},"1":{"name":"validateNotificationPreferences","decl":{"start":{"line":163,"column":16},"end":{"line":163,"column":48}},"loc":{"start":{"line":163,"column":63},"end":{"line":165,"column":null}},"line":163},"2":{"name":"validatePushSubscription","decl":{"start":{"line":167,"column":16},"end":{"line":167,"column":41}},"loc":{"start":{"line":167,"column":56},"end":{"line":169,"column":null}},"line":167},"3":{"name":"validateNotificationQuery","decl":{"start":{"line":171,"column":16},"end":{"line":171,"column":42}},"loc":{"start":{"line":171,"column":57},"end":{"line":173,"column":null}},"line":171}},"branchMap":{},"s":{"0":1,"1":1,"2":1,"3":1,"4":1,"5":1,"6":1,"7":1,"8":1,"9":1,"10":1,"11":1,"12":1,"13":1,"14":0,"15":0,"16":0,"17":0},"f":{"0":0,"1":0,"2":0,"3":0},"b":{},"meta":{"lastBranch":0,"lastFunction":4,"lastStatement":18,"seen":{"s:4:38:12:Infinity":0,"s:15:42:15:Infinity":1,"s:18:40:33:Infinity":2,"s:36:40:39:Infinity":3,"s:42:42:44:Infinity":4,"s:47:35:51:Infinity":5,"s:54:45:69:Infinity":6,"s:72:38:78:Infinity":7,"s:81:44:86:Infinity":8,"s:89:39:97:Infinity":9,"s:100:42:116:Infinity":10,"s:119:39:125:Infinity":11,"s:128:46:134:Infinity":12,"s:137:40:156:Infinity":13,"f:159:16:159:41":0,"s:160:2:160:Infinity":14,"f:163:16:163:48":1,"s:164:2:164:Infinity":15,"f:167:16:167:41":2,"s:168:2:168:Infinity":16,"f:171:16:171:42":3,"s:172:2:172:Infinity":17}}}
,"/Users/daniel-sullivan/projects/bandseeking/lib/notifications/service.ts": {"path":"/Users/daniel-sullivan/projects/bandseeking/lib/notifications/service.ts","statementMap":{"0":{"start":{"line":34,"column":24},"end":{"line":34,"column":null}},"1":{"start":{"line":37,"column":14},"end":{"line":37,"column":null}},"2":{"start":{"line":38,"column":2},"end":{"line":41,"column":null}},"3":{"start":{"line":39,"column":39},"end":{"line":39,"column":null}},"4":{"start":{"line":40,"column":4},"end":{"line":40,"column":null}},"5":{"start":{"line":43,"column":2},"end":{"line":45,"column":null}},"6":{"start":{"line":44,"column":4},"end":{"line":44,"column":null}},"7":{"start":{"line":47,"column":40},"end":{"line":51,"column":null}},"8":{"start":{"line":53,"column":2},"end":{"line":55,"column":null}},"9":{"start":{"line":54,"column":4},"end":{"line":54,"column":null}},"10":{"start":{"line":57,"column":2},"end":{"line":57,"column":null}},"11":{"start":{"line":84,"column":51},"end":{"line":89,"column":null}},"12":{"start":{"line":91,"column":2},"end":{"line":93,"column":null}},"13":{"start":{"line":92,"column":4},"end":{"line":92,"column":null}},"14":{"start":{"line":96,"column":8},"end":{"line":96,"column":null}},"15":{"start":{"line":97,"column":8},"end":{"line":97,"column":null}},"16":{"start":{"line":99,"column":32},"end":{"line":106,"column":null}},"17":{"start":{"line":108,"column":2},"end":{"line":110,"column":null}},"18":{"start":{"line":109,"column":4},"end":{"line":109,"column":null}},"19":{"start":{"line":111,"column":2},"end":{"line":113,"column":null}},"20":{"start":{"line":112,"column":4},"end":{"line":112,"column":null}},"21":{"start":{"line":114,"column":2},"end":{"line":116,"column":null}},"22":{"start":{"line":115,"column":4},"end":{"line":115,"column":null}},"23":{"start":{"line":117,"column":2},"end":{"line":119,"column":null}},"24":{"start":{"line":118,"column":4},"end":{"line":118,"column":null}},"25":{"start":{"line":121,"column":2},"end":{"line":121,"column":null}},"26":{"start":{"line":131,"column":24},"end":{"line":131,"column":null}},"27":{"start":{"line":134,"column":51},"end":{"line":139,"column":null}},"28":{"start":{"line":141,"column":2},"end":{"line":143,"column":null}},"29":{"start":{"line":142,"column":4},"end":{"line":142,"column":null}},"30":{"start":{"line":146,"column":8},"end":{"line":146,"column":null}},"31":{"start":{"line":147,"column":8},"end":{"line":147,"column":null}},"32":{"start":{"line":150,"column":24},"end":{"line":158,"column":null}},"33":{"start":{"line":150,"column":62},"end":{"line":158,"column":4}},"34":{"start":{"line":160,"column":48},"end":{"line":163,"column":null}},"35":{"start":{"line":165,"column":2},"end":{"line":167,"column":null}},"36":{"start":{"line":166,"column":4},"end":{"line":166,"column":null}},"37":{"start":{"line":169,"column":2},"end":{"line":169,"column":null}},"38":{"start":{"line":180,"column":27},"end":{"line":180,"column":null}},"39":{"start":{"line":182,"column":14},"end":{"line":197,"column":null}},"40":{"start":{"line":200,"column":2},"end":{"line":202,"column":null}},"41":{"start":{"line":201,"column":4},"end":{"line":201,"column":null}},"42":{"start":{"line":203,"column":2},"end":{"line":205,"column":null}},"43":{"start":{"line":204,"column":4},"end":{"line":204,"column":null}},"44":{"start":{"line":206,"column":2},"end":{"line":212,"column":null}},"45":{"start":{"line":207,"column":4},"end":{"line":211,"column":null}},"46":{"start":{"line":208,"column":6},"end":{"line":208,"column":null}},"47":{"start":{"line":210,"column":6},"end":{"line":210,"column":null}},"48":{"start":{"line":213,"column":2},"end":{"line":215,"column":null}},"49":{"start":{"line":214,"column":4},"end":{"line":214,"column":null}},"50":{"start":{"line":216,"column":2},"end":{"line":218,"column":null}},"51":{"start":{"line":217,"column":4},"end":{"line":217,"column":null}},"52":{"start":{"line":221,"column":2},"end":{"line":223,"column":null}},"53":{"start":{"line":222,"column":4},"end":{"line":222,"column":null}},"54":{"start":{"line":224,"column":2},"end":{"line":226,"column":null}},"55":{"start":{"line":225,"column":4},"end":{"line":225,"column":null}},"56":{"start":{"line":228,"column":26},"end":{"line":228,"column":null}},"57":{"start":{"line":230,"column":2},"end":{"line":232,"column":null}},"58":{"start":{"line":231,"column":4},"end":{"line":231,"column":null}},"59":{"start":{"line":234,"column":25},"end":{"line":234,"column":null}},"60":{"start":{"line":236,"column":25},"end":{"line":242,"column":null}},"61":{"start":{"line":239,"column":31},"end":{"line":239,"column":59}},"62":{"start":{"line":240,"column":38},"end":{"line":240,"column":49}},"63":{"start":{"line":246,"column":57},"end":{"line":246,"column":null}},"64":{"start":{"line":248,"column":2},"end":{"line":270,"column":null}},"65":{"start":{"line":249,"column":53},"end":{"line":252,"column":null}},"66":{"start":{"line":254,"column":4},"end":{"line":256,"column":null}},"67":{"start":{"line":255,"column":6},"end":{"line":255,"column":null}},"68":{"start":{"line":258,"column":4},"end":{"line":269,"column":null}},"69":{"start":{"line":260,"column":29},"end":{"line":260,"column":55}},"70":{"start":{"line":261,"column":26},"end":{"line":268,"column":9}},"71":{"start":{"line":272,"column":2},"end":{"line":290,"column":null}},"72":{"start":{"line":273,"column":20},"end":{"line":275,"column":null}},"73":{"start":{"line":277,"column":24},"end":{"line":284,"column":null}},"74":{"start":{"line":286,"column":4},"end":{"line":289,"column":null}},"75":{"start":{"line":300,"column":26},"end":{"line":303,"column":null}},"76":{"start":{"line":305,"column":2},"end":{"line":307,"column":null}},"77":{"start":{"line":306,"column":4},"end":{"line":306,"column":null}},"78":{"start":{"line":309,"column":24},"end":{"line":309,"column":null}},"79":{"start":{"line":310,"column":16},"end":{"line":310,"column":null}},"80":{"start":{"line":311,"column":17},"end":{"line":311,"column":null}},"81":{"start":{"line":311,"column":50},"end":{"line":311,"column":60}},"82":{"start":{"line":313,"column":18},"end":{"line":318,"column":null}},"83":{"start":{"line":314,"column":4},"end":{"line":316,"column":null}},"84":{"start":{"line":315,"column":6},"end":{"line":315,"column":null}},"85":{"start":{"line":317,"column":4},"end":{"line":317,"column":null}},"86":{"start":{"line":320,"column":22},"end":{"line":325,"column":null}},"87":{"start":{"line":321,"column":4},"end":{"line":323,"column":null}},"88":{"start":{"line":322,"column":6},"end":{"line":322,"column":null}},"89":{"start":{"line":324,"column":4},"end":{"line":324,"column":null}},"90":{"start":{"line":327,"column":2},"end":{"line":332,"column":null}},"91":{"start":{"line":343,"column":20},"end":{"line":347,"column":null}},"92":{"start":{"line":349,"column":2},"end":{"line":351,"column":null}},"93":{"start":{"line":350,"column":4},"end":{"line":350,"column":null}},"94":{"start":{"line":362,"column":14},"end":{"line":366,"column":null}},"95":{"start":{"line":368,"column":2},"end":{"line":370,"column":null}},"96":{"start":{"line":369,"column":4},"end":{"line":369,"column":null}},"97":{"start":{"line":371,"column":2},"end":{"line":373,"column":null}},"98":{"start":{"line":372,"column":4},"end":{"line":372,"column":null}},"99":{"start":{"line":375,"column":20},"end":{"line":375,"column":null}},"100":{"start":{"line":377,"column":2},"end":{"line":379,"column":null}},"101":{"start":{"line":378,"column":4},"end":{"line":378,"column":null}},"102":{"start":{"line":390,"column":20},"end":{"line":394,"column":null}},"103":{"start":{"line":396,"column":2},"end":{"line":398,"column":null}},"104":{"start":{"line":397,"column":4},"end":{"line":397,"column":null}},"105":{"start":{"line":408,"column":26},"end":{"line":412,"column":null}},"106":{"start":{"line":414,"column":2},"end":{"line":416,"column":null}},"107":{"start":{"line":415,"column":4},"end":{"line":415,"column":null}},"108":{"start":{"line":418,"column":2},"end":{"line":418,"column":null}},"109":{"start":{"line":429,"column":26},"end":{"line":437,"column":null}},"110":{"start":{"line":439,"column":2},"end":{"line":441,"column":null}},"111":{"start":{"line":440,"column":4},"end":{"line":440,"column":null}},"112":{"start":{"line":443,"column":2},"end":{"line":443,"column":null}},"113":{"start":{"line":452,"column":20},"end":{"line":452,"column":null}},"114":{"start":{"line":454,"column":2},"end":{"line":456,"column":null}},"115":{"start":{"line":455,"column":4},"end":{"line":455,"column":null}}},"fnMap":{"0":{"name":"createNotification","decl":{"start":{"line":29,"column":22},"end":{"line":29,"column":null}},"loc":{"start":{"line":33,"column":28},"end":{"line":58,"column":null}},"line":33},"1":{"name":"createNotificationFromTemplate","decl":{"start":{"line":69,"column":22},"end":{"line":69,"column":null}},"loc":{"start":{"line":82,"column":28},"end":{"line":122,"column":null}},"line":82},"2":{"name":"createBatchNotifications","decl":{"start":{"line":127,"column":22},"end":{"line":127,"column":null}},"loc":{"start":{"line":130,"column":30},"end":{"line":170,"column":null}},"line":130},"3":{"name":"(anonymous_3)","decl":{"start":{"line":150,"column":51},"end":{"line":150,"column":62}},"loc":{"start":{"line":150,"column":62},"end":{"line":158,"column":4}},"line":150},"4":{"name":"getNotifications","decl":{"start":{"line":175,"column":22},"end":{"line":175,"column":null}},"loc":{"start":{"line":179,"column":40},"end":{"line":291,"column":null}},"line":179},"5":{"name":"(anonymous_5)","decl":{"start":{"line":239,"column":13},"end":{"line":239,"column":14}},"loc":{"start":{"line":239,"column":31},"end":{"line":239,"column":59}},"line":239},"6":{"name":"(anonymous_6)","decl":{"start":{"line":240,"column":16},"end":{"line":240,"column":17}},"loc":{"start":{"line":240,"column":38},"end":{"line":240,"column":49}},"line":240},"7":{"name":"(anonymous_7)","decl":{"start":{"line":260,"column":16},"end":{"line":260,"column":17}},"loc":{"start":{"line":260,"column":29},"end":{"line":260,"column":55}},"line":260},"8":{"name":"(anonymous_8)","decl":{"start":{"line":261,"column":13},"end":{"line":261,"column":14}},"loc":{"start":{"line":261,"column":26},"end":{"line":268,"column":9}},"line":261},"9":{"name":"(anonymous_9)","decl":{"start":{"line":272,"column":27},"end":{"line":272,"column":28}},"loc":{"start":{"line":272,"column":45},"end":{"line":290,"column":3}},"line":272},"10":{"name":"getNotificationCounts","decl":{"start":{"line":296,"column":22},"end":{"line":296,"column":null}},"loc":{"start":{"line":299,"column":31},"end":{"line":333,"column":null}},"line":299},"11":{"name":"(anonymous_11)","decl":{"start":{"line":311,"column":38},"end":{"line":311,"column":39}},"loc":{"start":{"line":311,"column":50},"end":{"line":311,"column":60}},"line":311},"12":{"name":"(anonymous_12)","decl":{"start":{"line":313,"column":39},"end":{"line":313,"column":40}},"loc":{"start":{"line":313,"column":80},"end":{"line":318,"column":5}},"line":313},"13":{"name":"(anonymous_13)","decl":{"start":{"line":320,"column":43},"end":{"line":320,"column":44}},"loc":{"start":{"line":320,"column":84},"end":{"line":325,"column":5}},"line":320},"14":{"name":"markNotificationRead","decl":{"start":{"line":338,"column":22},"end":{"line":338,"column":null}},"loc":{"start":{"line":342,"column":17},"end":{"line":352,"column":null}},"line":342},"15":{"name":"markAllNotificationsRead","decl":{"start":{"line":357,"column":22},"end":{"line":357,"column":null}},"loc":{"start":{"line":361,"column":17},"end":{"line":380,"column":null}},"line":361},"16":{"name":"deleteNotification","decl":{"start":{"line":385,"column":22},"end":{"line":385,"column":null}},"loc":{"start":{"line":389,"column":17},"end":{"line":399,"column":null}},"line":389},"17":{"name":"getNotificationPreferences","decl":{"start":{"line":404,"column":22},"end":{"line":404,"column":null}},"loc":{"start":{"line":407,"column":43},"end":{"line":419,"column":null}},"line":407},"18":{"name":"updateNotificationPreferences","decl":{"start":{"line":424,"column":22},"end":{"line":424,"column":null}},"loc":{"start":{"line":428,"column":36},"end":{"line":444,"column":null}},"line":428},"19":{"name":"cleanupOldNotifications","decl":{"start":{"line":449,"column":22},"end":{"line":449,"column":null}},"loc":{"start":{"line":451,"column":17},"end":{"line":457,"column":null}},"line":451}},"branchMap":{"0":{"loc":{"start":{"line":38,"column":2},"end":{"line":41,"column":null}},"type":"if","locations":[{"start":{"line":38,"column":2},"end":{"line":41,"column":null}},{"start":{},"end":{}}],"line":38},"1":{"loc":{"start":{"line":43,"column":2},"end":{"line":45,"column":null}},"type":"if","locations":[{"start":{"line":43,"column":2},"end":{"line":45,"column":null}},{"start":{},"end":{}}],"line":43},"2":{"loc":{"start":{"line":53,"column":2},"end":{"line":55,"column":null}},"type":"if","locations":[{"start":{"line":53,"column":2},"end":{"line":55,"column":null}},{"start":{},"end":{}}],"line":53},"3":{"loc":{"start":{"line":91,"column":2},"end":{"line":93,"column":null}},"type":"if","locations":[{"start":{"line":91,"column":2},"end":{"line":93,"column":null}},{"start":{},"end":{}}],"line":91},"4":{"loc":{"start":{"line":91,"column":6},"end":{"line":91,"column":34}},"type":"binary-expr","locations":[{"start":{"line":91,"column":6},"end":{"line":91,"column":23}},{"start":{"line":91,"column":23},"end":{"line":91,"column":34}}],"line":91},"5":{"loc":{"start":{"line":104,"column":14},"end":{"line":104,"column":null}},"type":"binary-expr","locations":[{"start":{"line":104,"column":14},"end":{"line":104,"column":35}},{"start":{"line":104,"column":35},"end":{"line":104,"column":null}}],"line":104},"6":{"loc":{"start":{"line":108,"column":2},"end":{"line":110,"column":null}},"type":"if","locations":[{"start":{"line":108,"column":2},"end":{"line":110,"column":null}},{"start":{},"end":{}}],"line":108},"7":{"loc":{"start":{"line":111,"column":2},"end":{"line":113,"column":null}},"type":"if","locations":[{"start":{"line":111,"column":2},"end":{"line":113,"column":null}},{"start":{},"end":{}}],"line":111},"8":{"loc":{"start":{"line":114,"column":2},"end":{"line":116,"column":null}},"type":"if","locations":[{"start":{"line":114,"column":2},"end":{"line":116,"column":null}},{"start":{},"end":{}}],"line":114},"9":{"loc":{"start":{"line":117,"column":2},"end":{"line":119,"column":null}},"type":"if","locations":[{"start":{"line":117,"column":2},"end":{"line":119,"column":null}},{"start":{},"end":{}}],"line":117},"10":{"loc":{"start":{"line":141,"column":2},"end":{"line":143,"column":null}},"type":"if","locations":[{"start":{"line":141,"column":2},"end":{"line":143,"column":null}},{"start":{},"end":{}}],"line":141},"11":{"loc":{"start":{"line":141,"column":6},"end":{"line":141,"column":34}},"type":"binary-expr","locations":[{"start":{"line":141,"column":6},"end":{"line":141,"column":23}},{"start":{"line":141,"column":23},"end":{"line":141,"column":34}}],"line":141},"12":{"loc":{"start":{"line":155,"column":14},"end":{"line":155,"column":null}},"type":"binary-expr","locations":[{"start":{"line":155,"column":14},"end":{"line":155,"column":40}},{"start":{"line":155,"column":40},"end":{"line":155,"column":null}}],"line":155},"13":{"loc":{"start":{"line":165,"column":2},"end":{"line":167,"column":null}},"type":"if","locations":[{"start":{"line":165,"column":2},"end":{"line":167,"column":null}},{"start":{},"end":{}}],"line":165},"14":{"loc":{"start":{"line":180,"column":27},"end":{"line":180,"column":null}},"type":"cond-expr","locations":[{"start":{"line":180,"column":37},"end":{"line":180,"column":78}},{"start":{"line":180,"column":78},"end":{"line":180,"column":null}}],"line":180},"15":{"loc":{"start":{"line":200,"column":2},"end":{"line":202,"column":null}},"type":"if","locations":[{"start":{"line":200,"column":2},"end":{"line":202,"column":null}},{"
[...]
},"end":{"line":93,"column":null}},"type":"binary-expr","locations":[{"start":{"line":93,"column":9},"end":{"line":93,"column":20}},{"start":{"line":93,"column":20},"end":{"line":93,"column":38}},{"start":{"line":93,"column":38},"end":{"line":93,"column":51}},{"start":{"line":93,"column":51},"end":{"line":93,"column":null}}],"line":93},"16":{"loc":{"start":{"line":126,"column":17},"end":{"line":126,"column":null}},"type":"binary-expr","locations":[{"start":{"line":126,"column":17},"end":{"line":126,"column":56}},{"start":{"line":126,"column":56},"end":{"line":126,"column":null}}],"line":126},"17":{"loc":{"start":{"line":132,"column":17},"end":{"line":132,"column":null}},"type":"binary-expr","locations":[{"start":{"line":132,"column":17},"end":{"line":132,"column":51}},{"start":{"line":132,"column":51},"end":{"line":132,"column":null}}],"line":132},"18":{"loc":{"start":{"line":138,"column":17},"end":{"line":138,"column":null}},"type":"binary-expr","locations":[{"start":{"line":138,"column":17},"end":{"line":138,"column":52}},{"start":{"line":138,"column":52},"end":{"line":138,"column":null}}],"line":138},"19":{"loc":{"start":{"line":144,"column":25},"end":{"line":144,"column":90}},"type":"binary-expr","locations":[{"start":{"line":144,"column":25},"end":{"line":144,"column":59}},{"start":{"line":144,"column":59},"end":{"line":144,"column":90}}],"line":144},"20":{"loc":{"start":{"line":156,"column":25},"end":{"line":156,"column":117}},"type":"binary-expr","locations":[{"start":{"line":156,"column":25},"end":{"line":156,"column":50}},{"start":{"line":156,"column":50},"end":{"line":156,"column":117}}],"line":156},"21":{"loc":{"start":{"line":164,"column":55},"end":{"line":164,"column":89}},"type":"binary-expr","locations":[{"start":{"line":164,"column":55},"end":{"line":164,"column":73}},{"start":{"line":164,"column":73},"end":{"line":164,"column":89}}],"line":164},"22":{"loc":{"start":{"line":180,"column":2},"end":{"line":186,"column":null}},"type":"if","locations":[{"start":{"line":180,"column":2},"end":{"line":186,"column":null}},{"start":{},"end":{}}],"line":180},"23":{"loc":{"start":{"line":182,"column":6},"end":{"line":184,"column":null}},"type":"if","locations":[{"start":{"line":182,"column":6},"end":{"line":184,"column":null}},{"start":{},"end":{}}],"line":182},"24":{"loc":{"start":{"line":192,"column":9},"end":{"line":192,"column":null}},"type":"binary-expr","locations":[{"start":{"line":192,"column":9},"end":{"line":192,"column":23}},{"start":{"line":192,"column":23},"end":{"line":192,"column":null}}],"line":192},"25":{"loc":{"start":{"line":200,"column":26},"end":{"line":200,"column":null}},"type":"binary-expr","locations":[{"start":{"line":200,"column":26},"end":{"line":200,"column":56}},{"start":{"line":200,"column":56},"end":{"line":200,"column":null}}],"line":200},"26":{"loc":{"start":{"line":201,"column":18},"end":{"line":201,"column":null}},"type":"binary-expr","locations":[{"start":{"line":201,"column":18},"end":{"line":201,"column":46}},{"start":{"line":201,"column":46},"end":{"line":201,"column":null}}],"line":201},"27":{"loc":{"start":{"line":202,"column":18},"end":{"line":202,"column":null}},"type":"binary-expr","locations":[{"start":{"line":202,"column":18},"end":{"line":202,"column":47}},{"start":{"line":202,"column":47},"end":{"line":202,"column":null}}],"line":202},"28":{"loc":{"start":{"line":203,"column":16},"end":{"line":203,"column":null}},"type":"binary-expr","locations":[{"start":{"line":203,"column":16},"end":{"line":203,"column":37}},{"start":{"line":203,"column":37},"end":{"line":203,"column":null}}],"line":203},"29":{"loc":{"start":{"line":204,"column":17},"end":{"line":204,"column":null}},"type":"binary-expr","locations":[{"start":{"line":204,"column":17},"end":{"line":204,"column":39}},{"start":{"line":204,"column":39},"end":{"line":204,"column":null}}],"line":204},"30":{"loc":{"start":{"line":218,"column":22},"end":{"line":218,"column":75}},"type":"binary-expr","locations":[{"start":{"line":218,"column":22},"end":{"line":218,"column":73}},{"start":{"line":218,"column":73},"end":{"line":218,"column":75}}],"line":218},"31":{"loc":{"start":{"line":223,"column":12},"end":{"line":223,"column":null}},"type":"binary-expr","locations":[{"start":{"line":223,"column":12},"end":{"line":223,"column":37}},{"start":{"line":223,"column":37},"end":{"line":223,"column":null}}],"line":223},"32":{"loc":{"start":{"line":224,"column":13},"end":{"line":224,"column":null}},"type":"binary-expr","locations":[{"start":{"line":224,"column":13},"end":{"line":224,"column":39}},{"start":{"line":224,"column":39},"end":{"line":224,"column":null}}],"line":224},"33":{"loc":{"start":{"line":225,"column":15},"end":{"line":225,"column":null}},"type":"binary-expr","locations":[{"start":{"line":225,"column":15},"end":{"line":225,"column":43}},{"start":{"line":225,"column":43},"end":{"line":225,"column":null}}],"line":225},"34":{"loc":{"start":{"line":226,"column":18},"end":{"line":226,"column":null}},"type":"binary-expr","locations":[{"start":{"line":226,"column":18},"end":{"line":226,"column":50}},{"start":{"line":226,"column":50},"end":{"line":226,"column":null}}],"line":226},"35":{"loc":{"start":{"line":227,"column":16},"end":{"line":227,"column":null}},"type":"cond-expr","locations":[{"start":{"line":227,"column":59},"end":{"line":227,"column":82}},{"start":{"line":227,"column":82},"end":{"line":227,"column":null}}],"line":227},"36":{"loc":{"start":{"line":228,"column":17},"end":{"line":228,"column":null}},"type":"cond-expr","locations":[{"start":{"line":228,"column":60},"end":{"line":228,"column":83}},{"start":{"line":228,"column":83},"end":{"line":228,"column":null}}],"line":228},"37":{"loc":{"start":{"line":230,"column":16},"end":{"line":230,"column":null}},"type":"binary-expr","locations":[{"start":{"line":230,"column":16},"end":{"line":230,"column":38}},{"start":{"line":230,"column":38},"end":{"line":230,"column":null}}],"line":230},"38":{"loc":{"start":{"line":231,"column":17},"end":{"line":231,"column":null}},"type":"binary-expr","locations":[{"start":{"line":231,"column":17},"end":{"line":231,"column":40}},{"start":{"line":231,"column":40},"end":{"line":231,"column":null}}],"line":231},"39":{"loc":{"start":{"line":232,"column":22},"end":{"line":232,"column":null}},"type":"binary-expr","locations":[{"start":{"line":232,"column":22},"end":{"line":232,"column":52}},{"start":{"line":232,"column":52},"end":{"line":232,"column":null}}],"line":232}},"s":{"0":3,"1":3,"2":1,"3":2,"4":3,"5":3,"6":1,"7":2,"8":3,"9":3,"10":1,"11":2,"12":3,"13":1,"14":2,"15":2,"16":1,"17":1,"18":6,"19":1,"20":5,"21":6,"22":6,"23":6,"24":6,"25":5,"26":5,"27":40,"28":5,"29":5,"30":5,"31":40,"32":5,"33":3,"34":3,"35":2,"36":5,"37":3,"38":3,"39":3,"40":8},"f":{"0":3,"1":3,"2":3,"3":3,"4":6,"5":5,"6":40,"7":40,"8":3,"9":3,"10":8},"b":{"0":[1,2],"1":[3,1],"2":[2,1],"3":[1,2],"4":[3,1],"5":[2,1],"6":[1,2],"7":[3,1],"8":[2,1],"9":[1,2],"10":[1,1],"11":[1,0],"12":[1,5],"13":[6,5],"14":[6,5],"15":[6,4,3,2],"16":[5,4],"17":[5,4],"18":[5,4],"19":[5,3],"20":[5,4],"21":[40,30],"22":[2,1],"23":[3,2],"24":[3,1],"25":[3,1],"26":[3,1],"27":[3,1],"28":[3,1],"29":[3,1],"30":[3,1],"31":[3,1],"32":[3,1],"33":[3,0],"34":[3,2],"35":[2,1],"36":[2,1],"37":[3,2],"38":[3,2],"39":[3,3]},"meta":{"lastBranch":40,"lastFunction":11,"lastStatement":41,"seen":{"f:11:22:11:Infinity":0,"s:15:26:19:Infinity":0,"b:21:2:23:Infinity:undefined:undefined:undefined:undefined":0,"s:21:2:23:Infinity":1,"b:21:6:21:15:21:15:21:42":1,"s:22:4:22:Infinity":2,"s:25:2:25:Infinity":3,"b:25:9:25:17:25:17:25:Infinity":2,"f:28:22:28:Infinity":1,"s:32:26:36:Infinity":4,"b:38:2:40:Infinity:undefined:undefined:undefined:undefined":3,"s:38:2:40:Infinity":5,"b:38:6:38:15:38:15:38:42":4,"s:39:4:39:Infinity":6,"s:42:2:42:Infinity":7,"b:42:9:42:17:42:17:42:Infinity":5,"f:45:22:45:Infinity":2,"s:49:26:54:Infinity":8,"b:56:2:58:Infinity:undefined:undefined:undefined:undefined":6,"s:56:2:58:Infinity":9,"b:56:6:56:15:56:15:56:42":7,"s:57:4:57:Infinity":10,"s:60:2:60:Infinity":11,"b:60:9:60:17:60:17:60:Infinity":8,"f:63:22:63:Infinity":3,"b:67:2:69:Infinity:undefined:undefined:undefined:undefined":9,"s:67:2:69:Infinity":12,"s:68:4:68:Infinity":13,"s:71:26:74:Infinity":14,"b:76:2:78:Infinity:undefined:undefined:undefined:undefined":10,"s:76:2:78:Infinity":15,"s:77:4:77:Infinity":16,"s:80:2:80:Infinity":17,"b:80:9:80:17:80:17:80:Infinity":11,"f:83:16:83:36":4,"b:84:2:86:Infinity:undefined:undefined:undefined:undefined":12,"s:84:2:86:Infinity":18,"s:85:4:85:Infinity":19,"s:88:18:88:Infinity":20,"s:89:25:89:Infinity":21,"b:89:25:89:63:89:63:89:Infinity":13,"s:90:20:90:Infinity":22,"b:90:20:90:53:90:53:90:Infinity":14,"s:91:17:91:Infinity":23,"s:93:2:93:Infinity":24,"b:93:9:93:20:93:20:93:38:93:38:93:51:93:51:93:Infinity":15,"f:103:16:103:43":5,"s:110:43:159:Infinity":25,"b:126:17:126:56:126:56:126:Infinity":16,"b:132:17:132:51:132:51:132:Infinity":17,"b:138:17:138:52:138:52:138:Infinity":18,"b:144:25:144:59:144:59:144:90":19,"b:156:25:156:50:156:50:156:117":20,"s:161:26:161:Infinity":26,"f:161:40:161:49":6,"s:161:49:161:64":27,"s:162:22:162:Infinity":28,"s:163:21:163:Infinity":29,"s:164:32:164:Infinity":30,"f:164:46:164:55":7,"s:164:55:164:89":31,"b:164:55:164:73:164:73:164:89":21,"s:166:2:172:Infinity":32,"f:175:16:175:Infinity":8,"s:179:46:179:Infinity":33,"b:180:2:186:Infinity:undefined:undefined:undefined:undefined":22,"s:180:2:186:Infinity":34,"s:181:4:185:Infinity":35,"b:182:6:184:Infinity:undefined:undefined:undefined:undefined":23,"s:182:6:184:Infinity":36,"s:183:8:183:Infinity":37,"s:188:2:206:Infinity":38,"b:192:9:192:23:192:23:192:Infinity":24,"b:200:26:200:56:200:56:200:Infinity":25,"b:201:18:201:46:201:46:201:Infinity":26,"b:202:18:202:47:202:47:202:Infinity":27,"b:203:16:203:37:203:37:203:Infinity":28,"b:204:17:204:39:204:39:204:Infinity":29,"f:209:16:209:42":9,"s:210:2:233:Infinity":39,"b:218:22:218:73:218:73:218:75":30,"f:218:84:218:85":10,"s:219:8:219:Infinity":40,"b:223:12:223:37:223:37:223:Infinity":31,"b:224:13:224:39:224:39:224:Infinity":32,"b:225:15:225:43:225:43:225:Infinity":33,"b:226:18:226:50:226:50:226:Infinity":34,"b:227:59:227:82:227:82:227:Infinity":35,"b:228:60:228:83:228:83:228:Infinity":36,"b:230:16:230:38:230:38:230:Infinity":37,"b:231:17:231:40:231:40:231:Infinity":38,"b:232:22:232:52:232:52:232:Infinity":39}}}
,"/Users/daniel-sullivan/projects/bandseeking/lib/supabase/server.ts": {"path":"/Users/daniel-sullivan/projects/bandseeking/lib/supabase/server.ts","statementMap":{"0":{"start":{"line":11,"column":22},"end":{"line":11,"column":null}},"1":{"start":{"line":12,"column":26},"end":{"line":12,"column":null}},"2":{"start":{"line":14,"column":2},"end":{"line":16,"column":null}},"3":{"start":{"line":15,"column":4},"end":{"line":15,"column":null}},"4":{"start":{"line":18,"column":22},"end":{"line":18,"column":null}},"5":{"start":{"line":20,"column":2},"end":{"line":39,"column":null}},"6":{"start":{"line":23,"column":8},"end":{"line":23,"column":null}},"7":{"start":{"line":26,"column":8},"end":{"line":36,"column":null}},"8":{"start":{"line":27,"column":10},"end":{"line":35,"column":null}},"9":{"start":{"line":28,"column":13},"end":{"line":32,"column":null}},"10":{"start":{"line":48,"column":22},"end":{"line":48,"column":null}},"11":{"start":{"line":49,"column":29},"end":{"line":49,"column":null}},"12":{"start":{"line":51,"column":2},"end":{"line":54,"column":null}},"13":{"start":{"line":52,"column":4},"end":{"line":52,"column":null}},"14":{"start":{"line":53,"column":4},"end":{"line":53,"column":null}},"15":{"start":{"line":56,"column":2},"end":{"line":61,"column":null}}},"fnMap":{"0":{"name":"getSupabaseServerClient","decl":{"start":{"line":10,"column":22},"end":{"line":10,"column":86}},"loc":{"start":{"line":10,"column":86},"end":{"line":40,"column":null}},"line":10},"1":{"name":"(anonymous_1)","decl":{"start":{"line":22,"column":6},"end":{"line":22,"column":15}},"loc":{"start":{"line":22,"column":15},"end":{"line":24,"column":null}},"line":22},"2":{"name":"(anonymous_2)","decl":{"start":{"line":25,"column":6},"end":{"line":25,"column":13}},"loc":{"start":{"line":25,"column":27},"end":{"line":37,"column":null}},"line":25},"3":{"name":"(anonymous_3)","decl":{"start":{"line":26,"column":29},"end":{"line":26,"column":30}},"loc":{"start":{"line":26,"column":59},"end":{"line":36,"column":9}},"line":26},"4":{"name":"getSupabaseAdminClient","decl":{"start":{"line":47,"column":16},"end":{"line":47,"column":74}},"loc":{"start":{"line":47,"column":74},"end":{"line":62,"column":null}},"line":47}},"branchMap":{"0":{"loc":{"start":{"line":14,"column":2},"end":{"line":16,"column":null}},"type":"if","locations":[{"start":{"line":14,"column":2},"end":{"line":16,"column":null}},{"start":{},"end":{}}],"line":14},"1":{"loc":{"start":{"line":14,"column":6},"end":{"line":14,"column":40}},"type":"binary-expr","locations":[{"start":{"line":14,"column":6},"end":{"line":14,"column":22}},{"start":{"line":14,"column":22},"end":{"line":14,"column":40}}],"line":14},"2":{"loc":{"start":{"line":51,"column":2},"end":{"line":54,"column":null}},"type":"if","locations":[{"start":{"line":51,"column":2},"end":{"line":54,"column":null}},{"start":{},"end":{}}],"line":51},"3":{"loc":{"start":{"line":51,"column":6},"end":{"line":51,"column":43}},"type":"binary-expr","locations":[{"start":{"line":51,"column":6},"end":{"line":51,"column":22}},{"start":{"line":51,"column":22},"end":{"line":51,"column":43}}],"line":51}},"s":{"0":0,"1":0,"2":0,"3":0,"4":0,"5":0,"6":0,"7":0,"8":0,"9":0,"10":1,"11":1,"12":1,"13":1,"14":1,"15":0},"f":{"0":0,"1":0,"2":0,"3":0,"4":1},"b":{"0":[0,0],"1":[0,0],"2":[1,0],"3":[1,0]},"meta":{"lastBranch":4,"lastFunction":5,"lastStatement":16,"seen":{"f:10:22:10:86":0,"s:11:22:11:Infinity":0,"s:12:26:12:Infinity":1,"b:14:2:16:Infinity:undefined:undefined:undefined:undefined":0,"s:14:2:16:Infinity":2,"b:14:6:14:22:14:22:14:40":1,"s:15:4:15:Infinity":3,"s:18:22:18:Infinity":4,"s:20:2:39:Infinity":5,"f:22:6:22:15":1,"s:23:8:23:Infinity":6,"f:25:6:25:13":2,"s:26:8:36:Infinity":7,"f:26:29:26:30":3,"s:27:10:35:Infinity":8,"s:28:13:32:Infinity":9,"f:47:16:47:74":4,"s:48:22:48:Infinity":10,"s:49:29:49:Infinity":11,"b:51:2:54:Infinity:undefined:undefined:undefined:undefined":2,"s:51:2:54:Infinity":12,"b:51:6:51:22:51:22:51:43":3,"s:52:4:52:Infinity":13,"s:53:4:53:Infinity":14,"s:56:2:61:Infinity":15}}}
,"/Users/daniel-sullivan/projects/bandseeking/lib/youtube/utils.ts": {"path":"/Users/daniel-sullivan/projects/bandseeking/lib/youtube/utils.ts","statementMap":{"0":{"start":{"line":10,"column":2},"end":{"line":10,"column":null}},"1":{"start":{"line":10,"column":12},"end":{"line":10,"column":null}},"2":{"start":{"line":13,"column":2},"end":{"line":13,"column":null}},"3":{"start":{"line":16,"column":19},"end":{"line":21,"column":null}},"4":{"start":{"line":23,"column":2},"end":{"line":28,"column":null}},"5":{"start":{"line":24,"column":18},"end":{"line":24,"column":null}},"6":{"start":{"line":25,"column":4},"end":{"line":27,"column":null}},"7":{"start":{"line":26,"column":6},"end":{"line":26,"column":null}},"8":{"start":{"line":30,"column":2},"end":{"line":30,"column":null}},"9":{"start":{"line":37,"column":2},"end":{"line":37,"column":null}},"10":{"start":{"line":44,"column":2},"end":{"line":44,"column":null}},"11":{"start":{"line":51,"column":21},"end":{"line":56,"column":null}},"12":{"start":{"line":58,"column":2},"end":{"line":58,"column":null}},"13":{"start":{"line":66,"column":2},"end":{"line":66,"column":null}},"14":{"start":{"line":66,"column":39},"end":{"line":66,"column":null}},"15":{"start":{"line":68,"column":18},"end":{"line":68,"column":null}},"16":{"start":{"line":69,"column":2},"end":{"line":69,"column":null}},"17":{"start":{"line":69,"column":16},"end":{"line":69,"column":null}},"18":{"start":{"line":72,"column":2},"end":{"line":72,"column":null}},"19":{"start":{"line":72,"column":29},"end":{"line":72,"column":null}},"20":{"start":{"line":74,"column":2},"end":{"line":74,"column":null}}},"fnMap":{"0":{"name":"extractYouTubeVideoId","decl":{"start":{"line":9,"column":16},"end":{"line":9,"column":38}},"loc":{"start":{"line":9,"column":66},"end":{"line":31,"column":null}},"line":9},"1":{"name":"isValidYouTubeUrl","decl":{"start":{"line":36,"column":16},"end":{"line":36,"column":34}},"loc":{"start":{"line":36,"column":56},"end":{"line":38,"column":null}},"line":36},"2":{"name":"getYouTubeEmbedUrl","decl":{"start":{"line":43,"column":16},"end":{"line":43,"column":35}},"loc":{"start":{"line":43,"column":60},"end":{"line":45,"column":null}},"line":43},"3":{"name":"getYouTubeThumbnailUrl","decl":{"start":{"line":50,"column":16},"end":{"line":50,"column":39}},"loc":{"start":{"line":50,"column":126},"end":{"line":59,"column":null}},"line":50},"4":{"name":"validateAndExtractYouTubeId","decl":{"start":{"line":65,"column":16},"end":{"line":65,"column":44}},"loc":{"start":{"line":65,"column":72},"end":{"line":75,"column":null}},"line":65}},"branchMap":{"0":{"loc":{"start":{"line":10,"column":2},"end":{"line":10,"column":null}},"type":"if","locations":[{"start":{"line":10,"column":2},"end":{"line":10,"column":null}},{"start":{},"end":{}}],"line":10},"1":{"loc":{"start":{"line":25,"column":4},"end":{"line":27,"column":null}},"type":"if","locations":[{"start":{"line":25,"column":4},"end":{"line":27,"column":null}},{"start":{},"end":{}}],"line":25},"2":{"loc":{"start":{"line":25,"column":8},"end":{"line":25,"column":27}},"type":"binary-expr","locations":[{"start":{"line":25,"column":8},"end":{"line":25,"column":17}},{"start":{"line":25,"column":17},"end":{"line":25,"column":27}}],"line":25},"3":{"loc":{"start":{"line":50,"column":56},"end":{"line":50,"column":126}},"type":"default-arg","locations":[{"start":{"line":50,"column":108},"end":{"line":50,"column":126}}],"line":50},"4":{"loc":{"start":{"line":66,"column":2},"end":{"line":66,"column":null}},"type":"if","locations":[{"start":{"line":66,"column":2},"end":{"line":66,"column":null}},{"start":{},"end":{}}],"line":66},"5":{"loc":{"start":{"line":66,"column":6},"end":{"line":66,"column":39}},"type":"binary-expr","locations":[{"start":{"line":66,"column":6},"end":{"line":66,"column":14}},{"start":{"line":66,"column":14},"end":{"line":66,"column":39}}],"line":66},"6":{"loc":{"start":{"line":69,"column":2},"end":{"line":69,"column":null}},"type":"if","locations":[{"start":{"line":69,"column":2},"end":{"line":69,"column":null}},{"start":{},"end":{}}],"line":69},"7":{"loc":{"start":{"line":72,"column":2},"end":{"line":72,"column":null}},"type":"if","locations":[{"start":{"line":72,"column":2},"end":{"line":72,"column":null}},{"start":{},"end":{}}],"line":72}},"s":{"0":23,"1":2,"2":21,"3":21,"4":21,"5":30,"6":30,"7":14,"8":7,"9":9,"10":2,"11":4,"12":4,"13":7,"14":3,"15":4,"16":4,"17":2,"18":2,"19":0,"20":2},"f":{"0":23,"1":9,"2":2,"3":4,"4":7},"b":{"0":[2,21],"1":[14,16],"2":[30,14],"3":[4],"4":[3,4],"5":[7,4],"6":[2,2],"7":[0,2]},"meta":{"lastBranch":8,"lastFunction":5,"lastStatement":21,"seen":{"f:9:16:9:38":0,"b:10:2:10:Infinity:undefined:undefined:undefined:undefined":0,"s:10:2:10:Infinity":0,"s:10:12:10:Infinity":1,"s:13:2:13:Infinity":2,"s:16:19:21:Infinity":3,"s:23:2:28:Infinity":4,"s:24:18:24:Infinity":5,"b:25:4:27:Infinity:undefined:undefined:undefined:undefined":1,"s:25:4:27:Infinity":6,"b:25:8:25:17:25:17:25:27":2,"s:26:6:26:Infinity":7,"s:30:2:30:Infinity":8,"f:36:16:36:34":1,"s:37:2:37:Infinity":9,"f:43:16:43:35":2,"s:44:2:44:Infinity":10,"f:50:16:50:39":3,"b:50:108:50:126":3,"s:51:21:56:Infinity":11,"s:58:2:58:Infinity":12,"f:65:16:65:44":4,"b:66:2:66:Infinity:undefined:undefined:undefined:undefined":4,"s:66:2:66:Infinity":13,"b:66:6:66:14:66:14:66:39":5,"s:66:39:66:Infinity":14,"s:68:18:68:Infinity":15,"b:69:2:69:Infinity:undefined:undefined:undefined:undefined":6,"s:69:2:69:Infinity":16,"s:69:16:69:Infinity":17,"b:72:2:72:Infinity:undefined:undefined:undefined:undefined":7,"s:72:2:72:Infinity":18,"s:72:29:72:Infinity":19,"s:74:2:74:Infinity":20}}}
}
