TN:
SF:components/ui/button.tsx
FN:42,(anonymous_0)
FNF:1
FNH:1
FNDA:3,(anonymous_0)
DA:7,1
DA:41,1
DA:43,3
DA:44,3
DA:54,1
LF:5
LH:5
BRDA:42,0,0,3
BRDA:43,1,0,1
BRDA:43,1,1,2
BRF:3
BRH:3
end_of_record
TN:
SF:components/ui/input.tsx
FN:8,(anonymous_0)
FNF:1
FNH:1
FNDA:2,(anonymous_0)
DA:7,1
DA:9,2
DA:24,1
LF:3
LH:3
BRF:0
BRH:0
end_of_record
TN:
SF:components/ui/switch.tsx
FN:11,(anonymous_0)
FNF:1
FNH:1
FNDA:2,(anonymous_0)
DA:6,1
DA:8,1
DA:12,2
DA:27,1
LF:4
LH:4
BRF:0
BRH:0
end_of_record
TN:
SF:lib/utils.ts
FN:4,cn
FNF:1
FNH:1
FNDA:9,cn
DA:5,9
LF:1
LH:1
BRF:0
BRH:0
end_of_record
TN:
SF:lib/band/constants.ts
FN:93,(anonymous_0)
FNF:1
FNH:1
FNDA:126,(anonymous_0)
DA:19,1
DA:37,1
DA:70,1
DA:83,1
DA:86,1
DA:87,1
DA:88,1
DA:91,1
DA:94,126
DA:95,126
LF:10
LH:10
BRF:0
BRH:0
end_of_record
TN:
SF:lib/band/filters.ts
FN:16,hasActiveFilters
FN:25,filterBandsInMemory
FN:34,(anonymous_2)
FN:41,(anonymous_3)
FN:48,(anonymous_4)
FN:77,(anonymous_5)
FN:81,normalizeFilters
FNF:7
FNH:7
FNDA:6,hasActiveFilters
FNDA:13,filterBandsInMemory
FNDA:37,(anonymous_2)
FNDA:13,(anonymous_3)
FNDA:4,(anonymous_4)
FNDA:17,(anonymous_5)
FNDA:6,normalizeFilters
DA:17,6
DA:29,13
DA:30,13
DA:34,13
DA:35,37
DA:36,37
DA:37,37
DA:39,37
DA:40,12
DA:41,13
DA:42,9
DA:46,28
DA:47,4
DA:48,4
DA:49,2
DA:53,26
DA:54,4
DA:55,1
DA:59,25
DA:60,9
DA:63,16
DA:77,37
DA:82,6
LF:23
LH:23
BRDA:18,0,0,6
BRDA:18,0,1,4
BRDA:18,0,2,3
BRDA:18,0,3,2
BRDA:30,1,0,6
BRDA:30,1,1,7
BRDA:35,2,0,37
BRDA:35,2,1,1
BRDA:36,3,0,37
BRDA:36,3,1,1
BRDA:39,4,0,12
BRDA:39,4,1,25
BRDA:41,5,0,9
BRDA:41,5,1,3
BRDA:46,6,0,4
BRDA:46,6,1,24
BRDA:48,7,0,2
BRDA:48,7,1,2
BRDA:53,8,0,4
BRDA:53,8,1,22
BRDA:54,9,0,1
BRDA:54,9,1,3
BRDA:54,10,0,4
BRDA:54,10,1,4
BRDA:59,11,0,9
BRDA:59,11,1,16
BRDA:66,12,0,16
BRDA:66,12,1,1
BRDA:69,13,0,37
BRDA:69,13,1,1
BRDA:83,14,0,6
BRDA:83,14,1,4
BRDA:84,15,0,6
BRDA:84,15,1,4
BRDA:85,16,0,6
BRDA:85,16,1,4
BRDA:86,17,0,6
BRDA:86,17,1,4
BRF:38
BRH:38
end_of_record
TN:
SF:lib/band/queries.ts
FN:19,getBandById
FN:37,getBandBySlug
FN:55,getVisibleBandBySlug
FN:93,getUserBands
FN:136,(anonymous_4)
FN:145,getBandMembers
FN:172,getUserRoleInBand
FN:192,getPendingInvitationsForUser
FN:234,getBandInvitations
FN:271,buildBandUpsertPayload
FN:310,generateSlugFromName
FN:321,isSlugAvailable
FNF:12
FNH:12
FNDA:4,getBandById
FNDA:3,getBandBySlug
FNDA:4,getVisibleBandBySlug
FNDA:4,getUserBands
FNDA:1,(anonymous_4)
FNDA:3,getBandMembers
FNDA:5,getUserRoleInBand
FNDA:4,getPendingInvitationsForUser
FNDA:3,getBandInvitations
FNDA:3,buildBandUpsertPayload
FNDA:9,generateSlugFromName
FNDA:4,isSlugAvailable
DA:23,4
DA:29,4
DA:30,1
DA:34,3
DA:41,3
DA:47,3
DA:48,1
DA:52,2
DA:59,4
DA:81,4
DA:83,2
DA:84,1
DA:85,1
DA:87,1
DA:90,2
DA:97,4
DA:125,4
DA:127,2
DA:128,1
DA:129,1
DA:131,1
DA:135,2
DA:136,1
DA:149,3
DA:165,3
DA:166,1
DA:169,2
DA:177,5
DA:184,5
DA:185,1
DA:188,4
DA:196,4
DA:222,4
DA:224,2
DA:225,1
DA:226,1
DA:228,1
DA:231,2
DA:238,3
DA:263,3
DA:264,1
DA:267,2
DA:276,3
DA:297,3
DA:299,1
DA:303,2
DA:311,9
DA:326,4
DA:328,4
DA:329,1
DA:332,4
DA:334,4
DA:335,1
DA:338,3
LF:54
LH:54
BRDA:29,0,0,1
BRDA:29,0,1,3
BRDA:29,1,0,4
BRDA:29,1,1,2
BRDA:34,2,0,3
BRDA:34,2,1,2
BRDA:47,3,0,1
BRDA:47,3,1,2
BRDA:47,4,0,3
BRDA:47,4,1,1
BRDA:52,5,0,2
BRDA:52,5,1,1
BRDA:81,6,0,2
BRDA:81,6,1,2
BRDA:81,7,0,4
BRDA:81,7,1,2
BRDA:83,8,0,1
BRDA:83,8,1,1
BRDA:83,9,0,2
BRDA:83,9,1,1
BRDA:125,10,0,2
BRDA:125,10,1,2
BRDA:127,11,0,1
BRDA:127,11,1,1
BRDA:127,12,0,2
BRDA:127,12,1,1
BRDA:136,13,0,2
BRDA:136,13,1,0
BRDA:165,14,0,1
BRDA:165,14,1,2
BRDA:169,15,0,2
BRDA:169,15,1,0
BRDA:184,16,0,1
BRDA:184,16,1,4
BRDA:184,17,0,5
BRDA:184,17,1,1
BRDA:188,18,0,4
BRDA:188,18,1,1
BRDA:222,19,0,2
BRDA:222,19,1,2
BRDA:224,20,0,1
BRDA:224,20,1,1
BRDA:224,21,0,2
BRDA:224,21,1,1
BRDA:231,22,0,2
BRDA:231,22,1,0
BRDA:263,23,0,1
BRDA:263,23,1,2
BRDA:267,24,0,2
BRDA:267,24,1,0
BRDA:279,25,0,3
BRDA:279,25,1,1
BRDA:282,26,0,3
BRDA:282,26,1,1
BRDA:286,27,0,3
BRDA:286,27,1,1
BRDA:287,28,0,3
BRDA:287,28,1,1
BRDA:288,29,0,3
BRDA:288,29,1,1
BRDA:289,30,0,3
BRDA:289,30,1,1
BRDA:290,31,0,3
BRDA:290,31,1,1
BRDA:291,32,0,3
BRDA:291,32,1,1
BRDA:292,33,0,3
BRDA:292,33,1,1
BRDA:293,34,0,3
BRDA:293,34,1,1
BRDA:297,35,0,1
BRDA:297,35,1,2
BRDA:328,36,0,1
BRDA:328,36,1,3
BRDA:334,37,0,1
BRDA:334,37,1,3
BRDA:334,38,0,4
BRDA:334,38,1,1
BRF:78
BRH:74
end_of_record
TN:
SF:lib/messaging/queries.ts
FN:17,assertParticipant
FN:35,fetchProfilesByUserIds
FN:59,fetchParticipantsForConversations
FN:80,fetchLatestMessage
FN:99,fetchUnreadCount
FN:119,getConversationSummaries
FN:134,(anonymous_6)
FN:153,(anonymous_7)
FN:169,(anonymous_8)
FN:173,(anonymous_9)
FN:180,(anonymous_10)
FN:193,(anonymous_11)
FN:195,(anonymous_12)
FN:218,(anonymous_13)
FN:223,getMessagesForConversation
FN:251,(anonymous_15)
FN:255,(anonymous_16)
FN:267,markConversationRead
FNF:18
FNH:17
FNDA:3,assertParticipant
FNDA:4,fetchProfilesByUserIds
FNDA:1,fetchParticipantsForConversations
FNDA:1,fetchLatestMessage
FNDA:1,fetchUnreadCount
FNDA:3,getConversationSummaries
FNDA:1,(anonymous_6)
FNDA:1,(anonymous_7)
FNDA:1,(anonymous_8)
FNDA:1,(anonymous_9)
FNDA:1,(anonymous_10)
FNDA:1,(anonymous_11)
FNDA:1,(anonymous_12)
FNDA:0,(anonymous_13)
FNDA:4,getMessagesForConversation
FNDA:52,(anonymous_15)
FNDA:52,(anonymous_16)
FNDA:2,markConversationRead
DA:22,3
DA:30,3
DA:31,2
DA:39,4
DA:40,1
DA:43,3
DA:48,3
DA:49,0
DA:52,3
DA:53,3
DA:54,4
DA:56,3
DA:63,1
DA:64,0
DA:67,1
DA:73,1
DA:74,0
DA:77,1
DA:84,1
DA:92,1
DA:93,0
DA:96,1
DA:105,1
DA:112,1
DA:113,0
DA:116,1
DA:123,3
DA:130,3
DA:131,1
DA:134,2
DA:136,3
DA:137,1
DA:140,1
DA:146,1
DA:147,0
DA:150,1
DA:152,1
DA:153,1
DA:156,1
DA:157,1
DA:158,1
DA:160,1
DA:161,1
DA:162,0
DA:166,1
DA:168,1
DA:169,1
DA:172,3
DA:173,3
DA:174,1
DA:175,0
DA:179,3
DA:181,1
DA:182,1
DA:183,1
DA:184,1
DA:188,1
DA:190,1
DA:192,1
DA:193,1
DA:195,1
DA:200,1
DA:201,1
DA:205,1
DA:211,1
DA:212,0
DA:215,1
DA:218,1
DA:220,1
DA:229,4
DA:237,4
DA:238,0
DA:241,4
DA:243,4
DA:244,1
DA:247,3
DA:248,4
DA:249,4
DA:251,52
DA:252,4
DA:254,3
DA:255,52
DA:261,3
DA:272,2
DA:279,2
DA:280,1
LF:86
LH:76
BRDA:30,0,0,2
BRDA:30,0,1,1
BRDA:30,1,0,3
BRDA:30,1,1,2
BRDA:39,2,0,1
BRDA:39,2,1,3
BRDA:48,3,0,0
BRDA:48,3,1,3
BRDA:53,4,0,3
BRDA:53,4,1,0
BRDA:63,5,0,0
BRDA:63,5,1,1
BRDA:73,6,0,0
BRDA:73,6,1,1
BRDA:77,7,0,1
BRDA:77,7,1,0
BRDA:92,8,0,0
BRDA:92,8,1,1
BRDA:92,9,0,1
BRDA:92,9,1,0
BRDA:96,10,0,1
BRDA:96,10,1,1
BRDA:109,11,0,1
BRDA:109,11,1,1
BRDA:112,12,0,0
BRDA:112,12,1,1
BRDA:116,13,0,1
BRDA:116,13,1,1
BRDA:130,14,0,1
BRDA:130,14,1,2
BRDA:134,15,0,2
BRDA:134,15,1,0
BRDA:136,16,0,1
BRDA:136,16,1,2
BRDA:146,17,0,0
BRDA:146,17,1,1
BRDA:161,18,0,0
BRDA:161,18,1,1
BRDA:169,19,0,1
BRDA:169,19,1,0
BRDA:174,20,0,0
BRDA:174,20,1,1
BRDA:174,21,0,1
BRDA:174,21,1,0
BRDA:181,22,0,1
BRDA:181,22,1,0
BRDA:182,23,0,1
BRDA:182,23,1,1
BRDA:182,23,2,1
BRDA:192,24,0,1
BRDA:192,24,1,0
BRDA:197,25,0,1
BRDA:197,25,1,0
BRDA:200,26,0,1
BRDA:200,26,1,1
BRDA:201,27,0,0
BRDA:201,27,1,1
BRDA:202,28,0,0
BRDA:202,28,1,0
BRDA:208,29,0,1
BRDA:208,29,1,0
BRDA:211,30,0,0
BRDA:211,30,1,1
BRDA:226,31,0,4
BRDA:237,32,0,0
BRDA:237,32,1,4
BRDA:243,33,0,1
BRDA:243,33,1,3
BRDA:247,34,0,3
BRDA:247,34,1,0
BRDA:249,35,0,1
BRDA:249,35,1,2
BRDA:257,36,0,52
BRDA:257,36,1,0
BRDA:263,37,0,1
BRDA:263,37,1,2
BRDA:263,38,0,1
BRDA:263,38,1,0
BRDA:279,39,0,1
BRDA:279,39,1,1
BRF:80
BRH:54
end_of_record
TN:
SF:lib/messaging/validation.ts
FNF:0
FNH:0
DA:3,1
DA:16,1
DA:25,1
DA:30,1
LF:4
LH:4
BRF:0
BRH:0
end_of_record
TN:
SF:lib/notifications/schemas.ts
FN:159,validateNotificationData
FN:163,validateNotificationPreferences
FN:167,validatePushSubscription
FN:171,validateNotificationQuery
FNF:4
FNH:0
FNDA:0,validateNotificationData
FNDA:0,validateNotificationPreferences
FNDA:0,validatePushSubscription
FNDA:0,validateNotificationQuery
DA:4,1
DA:15,1
DA:18,1
DA:36,1
DA:42,1
DA:47,1
DA:54,1
DA:72,1
DA:81,1
DA:89,1
DA:100,1
DA:119,1
DA:128,1
DA:137,1
DA:160,0
DA:164,0
DA:168,0
DA:172,0
LF:18
LH:14
BRF:0
BRH:0
end_of_record
TN:
SF:lib/notifications/service.ts
FN:29,createNotification
FN:69,createNotificationFromTemplate
FN:127,createBatchNotifications
FN:150,(anonymous_3)
FN:175,getNotifications
FN:239,(anonymous_5)
FN:240,(anonymous_6)
FN:260,(anonymous_7)
FN:261,(anonymous_8)
FN:272,(anonymous_9)
FN:296,getNotificationCounts
FN:311,(anonymous_11)
FN:313,(anonymous_12)
FN:320,(anonymous_13)
FN:338,markNotificationRead
FN:357,markAllNotificationsRead
FN:385,deleteNotification
FN:404,getNotificationPreferences
FN:424,updateNotificationPreferences
FN:449,cleanupOldNotifications
FNF:20
FNH:11
FNDA:5,createNotification
FNDA:3,createNotificationFromTemplate
FNDA:0,createBatchNotifications
FNDA:0,(anonymous_3)
FNDA:0,getNotifications
FNDA:0,(anonymous_5)
FNDA:0,(anonymous_6)
FNDA:0,(anonymous_7)
FNDA:0,(anonymous_8)
FNDA:0,(anonymous_9)
FNDA:3,getNotificationCounts
FNDA:4,(anonymous_11)
FNDA:4,(anonymous_12)
FNDA:4,(anonymous_13)
FNDA:2,markNotificationRead
FNDA:4,markAllNotificationsRead
FNDA:2,deleteNotification
FNDA:3,getNotificationPreferences
FNDA:2,updateNotificationPreferences
FNDA:0,cleanupOldNotifications
DA:34,5
DA:37,5
DA:38,5
DA:39,1
DA:40,1
DA:43,5
DA:44,1
DA:47,4
DA:53,4
DA:54,1
DA:57,3
DA:84,3
DA:91,3
DA:92,1
DA:96,2
DA:97,2
DA:99,2
DA:108,3
DA:109,0
DA:111,2
DA:112,0
DA:114,2
DA:115,0
DA:117,2
DA:118,0
DA:121,2
DA:131,0
DA:134,0
DA:141,0
DA:142,0
DA:146,0
DA:147,0
DA:150,0
DA:160,0
DA:165,0
DA:166,0
DA:169,0
DA:180,0
DA:182,0
DA:200,0
DA:201,0
DA:203,0
DA:204,0
DA:206,0
DA:207,0
DA:208,0
DA:210,0
DA:213,0
DA:214,0
DA:216,0
DA:217,0
DA:221,0
DA:222,0
DA:224,0
DA:225,0
DA:228,0
DA:230,0
DA:231,0
DA:234,0
DA:236,0
DA:239,0
DA:240,0
DA:246,0
DA:248,0
DA:249,0
DA:254,0
DA:255,0
DA:258,0
DA:260,0
DA:261,0
DA:272,0
DA:273,0
DA:277,0
DA:286,0
DA:300,3
DA:305,3
DA:306,1
DA:309,2
DA:310,3
DA:311,4
DA:313,3
DA:314,4
DA:315,4
DA:317,4
DA:320,3
DA:321,4
DA:322,4
DA:324,4
DA:327,3
DA:343,2
DA:349,2
DA:350,1
DA:362,4
DA:368,4
DA:369,1
DA:371,4
DA:372,1
DA:375,4
DA:377,4
DA:378,1
DA:390,2
DA:396,2
DA:397,1
DA:408,3
DA:414,3
DA:415,1
DA:418,2
DA:429,2
DA:439,2
DA:440,1
DA:443,1
DA:452,0
DA:454,0
DA:455,0
LF:114
LH:59
BRDA:38,0,0,1
BRDA:38,0,1,4
BRDA:43,1,0,1
BRDA:43,1,1,4
BRDA:53,2,0,1
BRDA:53,2,1,3
BRDA:91,3,0,1
BRDA:91,3,1,2
BRDA:91,4,0,3
BRDA:91,4,1,2
BRDA:104,5,0,2
BRDA:104,5,1,1
BRDA:108,6,0,0
BRDA:108,6,1,3
BRDA:111,7,0,0
BRDA:111,7,1,2
BRDA:114,8,0,0
BRDA:114,8,1,2
BRDA:117,9,0,0
BRDA:117,9,1,2
BRDA:141,10,0,0
BRDA:141,10,1,0
BRDA:141,11,0,0
BRDA:141,11,1,0
BRDA:155,12,0,0
BRDA:155,12,1,0
BRDA:165,13,0,0
BRDA:165,13,1,0
BRDA:180,14,0,0
BRDA:180,14,1,0
BRDA:200,15,0,0
BRDA:200,15,1,0
BRDA:203,16,0,0
BRDA:203,16,1,0
BRDA:206,17,0,0
BRDA:206,17,1,0
BRDA:207,18,0,0
BRDA:207,18,1,0
BRDA:213,19,0,0
BRDA:213,19,1,0
BRDA:216,20,0,0
BRDA:216,20,1,0
BRDA:221,21,0,0
BRDA:221,21,1,0
BRDA:224,22,0,0
BRDA:224,22,1,0
BRDA:225,23,0,0
BRDA:225,23,1,0
BRDA:230,24,0,0
BRDA:230,24,1,0
BRDA:234,25,0,0
BRDA:234,25,1,0
BRDA:248,26,0,0
BRDA:248,26,1,0
BRDA:254,27,0,0
BRDA:254,27,1,0
BRDA:259,28,0,0
BRDA:259,28,1,0
BRDA:260,29,0,0
BRDA:260,29,1,0
BRDA:273,30,0,0
BRDA:273,30,1,0
BRDA:277,31,0,0
BRDA:277,31,1,0
BRDA:282,32,0,0
BRDA:282,32,1,0
BRDA:288,33,0,0
BRDA:288,33,1,0
BRDA:305,34,0,1
BRDA:305,34,1,2
BRDA:309,35,0,2
BRDA:309,35,1,0
BRDA:314,36,0,4
BRDA:314,36,1,0
BRDA:315,37,0,4
BRDA:315,37,1,3
BRDA:321,38,0,4
BRDA:321,38,1,0
BRDA:322,39,0,4
BRDA:322,39,1,3
BRDA:349,40,0,1
BRDA:349,40,1,1
BRDA:368,41,0,1
BRDA:368,41,1,3
BRDA:371,42,0,1
BRDA:371,42,1,3
BRDA:377,43,0,1
BRDA:377,43,1,3
BRDA:396,44,0,1
BRDA:396,44,1,1
BRDA:414,45,0,1
BRDA:414,45,1,2
BRDA:414,46,0,3
BRDA:414,46,1,2
BRDA:439,47,0,1
BRDA:439,47,1,1
BRDA:454,48,0,0
BRDA:454,48,1,0
BRF:98
BRH:41
end_of_record
TN:
SF:lib/notifications/templates.ts
FN:11,renderTemplate
FN:15,(anonymous_1)
FN:24,findMissingTemplateVariables
FN:29,(anonymous_3)
FN:31,(anonymous_4)
FN:37,extractTemplateVariables
FN:39,(anonymous_6)
FNF:7
FNH:7
FNDA:16,renderTemplate
FNDA:21,(anonymous_1)
FNDA:6,findMissingTemplateVariables
FNDA:11,(anonymous_3)
FNDA:11,(anonymous_4)
FNDA:7,extractTemplateVariables
FNDA:10,(anonymous_6)
DA:15,16
DA:16,21
DA:28,6
DA:29,11
DA:31,11
DA:38,7
DA:39,10
LF:7
LH:7
BRDA:16,0,0,21
BRDA:16,0,1,2
BRDA:28,1,0,6
BRDA:28,1,1,1
BRDA:38,2,0,7
BRDA:38,2,1,2
BRF:6
BRH:6
end_of_record
TN:
SF:lib/profile/completion.ts
FN:20,calculateProfileCompletion
FNF:1
FNH:1
FNDA:16,calculateProfileCompletion
DA:23,16
DA:24,1
DA:32,15
DA:33,15
DA:34,15
DA:39,15
DA:40,16
DA:42,16
DA:43,13
DA:44,13
DA:46,2
DA:51,15
DA:55,16
DA:56,13
DA:57,13
DA:59,2
DA:64,15
DA:68,16
DA:69,12
DA:70,12
DA:72,3
DA:76,15
DA:89,16
DA:90,10
DA:91,10
DA:93,5
DA:97,15
DA:101,16
DA:102,2
DA:103,2
DA:105,13
DA:108,15
LF:32
LH:32
BRDA:23,0,0,1
BRDA:23,0,1,15
BRDA:39,1,0,15
BRDA:39,1,1,14
BRDA:39,1,2,14
BRDA:39,1,3,14
BRDA:40,2,0,16
BRDA:40,2,1,15
BRDA:42,3,0,13
BRDA:42,3,1,2
BRDA:42,4,0,16
BRDA:42,4,1,14
BRDA:51,5,0,15
BRDA:51,5,1,14
BRDA:51,5,2,14
BRDA:53,6,0,14
BRDA:53,6,1,2
BRDA:55,7,0,13
BRDA:55,7,1,2
BRDA:64,8,0,15
BRDA:64,8,1,14
BRDA:64,8,2,14
BRDA:66,9,0,14
BRDA:66,9,1,2
BRDA:68,10,0,12
BRDA:68,10,1,3
BRDA:77,11,0,15
BRDA:77,11,1,14
BRDA:77,11,2,13
BRDA:77,11,3,12
BRDA:77,11,4,12
BRDA:77,11,5,11
BRDA:77,11,6,10
BRDA:77,11,7,10
BRDA:77,11,8,10
BRDA:89,12,0,10
BRDA:89,12,1,5
BRDA:98,13,0,15
BRDA:98,13,1,3
BRDA:101,14,0,2
BRDA:101,14,1,13
BRF:41
BRH:41
end_of_record
TN:
SF:lib/profile/constants.ts
FNF:0
FNH:0
DA:17,1
DA:35,1
DA:60,1
DA:74,1
DA:83,1
LF:5
LH:5
BRF:0
BRH:0
end_of_record
TN:
SF:lib/profile/queries.ts
FN:11,getProfileByUserId
FN:28,getProfileByUsername
FN:45,getVisibleProfileByUsername
FN:63,listProfilesByUsername
FN:83,hasCompletedProfile
FN:103,getProfileCompletionStatus
FN:161,(anonymous_6)
FN:164,(anonymous_7)
FN:175,buildProfileUpsertPayload
FN:209,mapProfileRowToFormValues
FN:218,(anonymous_10)
FNF:11
FNH:11
FNDA:3,getProfileByUserId
FNDA:3,getProfileByUsername
FNDA:3,getVisibleProfileByUsername
FNDA:3,listProfilesByUsername
FNDA:6,hasCompletedProfile
FNDA:5,getProfileCompletionStatus
FNDA:40,(anonymous_6)
FNDA:40,(anonymous_7)
FNDA:3,buildProfileUpsertPayload
FNDA:3,mapProfileRowToFormValues
FNDA:8,(anonymous_10)
DA:15,3
DA:21,3
DA:22,1
DA:25,2
DA:32,3
DA:38,3
DA:39,1
DA:42,2
DA:49,3
DA:56,3
DA:57,1
DA:60,2
DA:67,3
DA:68,1
DA:71,2
DA:76,2
DA:77,1
DA:80,1
DA:84,6
DA:85,1
DA:88,5
DA:89,6
DA:90,6
DA:91,6
DA:93,6
DA:110,5
DA:161,40
DA:162,5
DA:163,5
DA:164,40
DA:166,5
DA:179,3
DA:180,3
DA:181,2
DA:182,5
DA:183,3
DA:188,3
DA:210,3
DA:219,8
LF:39
LH:39
BRDA:21,0,0,1
BRDA:21,0,1,2
BRDA:21,1,0,3
BRDA:21,1,1,1
BRDA:25,2,0,2
BRDA:25,2,1,1
BRDA:38,3,0,1
BRDA:38,3,1,2
BRDA:38,4,0,3
BRDA:38,4,1,1
BRDA:42,5,0,2
BRDA:42,5,1,1
BRDA:56,6,0,1
BRDA:56,6,1,2
BRDA:56,7,0,3
BRDA:56,7,1,1
BRDA:60,8,0,2
BRDA:60,8,1,1
BRDA:67,9,0,1
BRDA:67,9,1,2
BRDA:76,10,0,1
BRDA:76,10,1,1
BRDA:80,11,0,1
BRDA:80,11,1,0
BRDA:84,12,0,1
BRDA:84,12,1,5
BRDA:89,13,0,6
BRDA:89,13,1,5
BRDA:90,14,0,6
BRDA:90,14,1,5
BRDA:93,15,0,6
BRDA:93,15,1,4
BRDA:93,15,2,3
BRDA:93,15,3,2
BRDA:126,16,0,5
BRDA:126,16,1,4
BRDA:132,17,0,5
BRDA:132,17,1,4
BRDA:138,18,0,5
BRDA:138,18,1,4
BRDA:144,19,0,5
BRDA:144,19,1,3
BRDA:156,20,0,5
BRDA:156,20,1,4
BRDA:164,21,0,40
BRDA:164,21,1,30
BRDA:180,22,0,2
BRDA:180,22,1,1
BRDA:182,23,0,3
BRDA:182,23,1,2
BRDA:192,24,0,3
BRDA:192,24,1,1
BRDA:200,25,0,3
BRDA:200,25,1,1
BRDA:201,26,0,3
BRDA:201,26,1,1
BRDA:202,27,0,3
BRDA:202,27,1,1
BRDA:203,28,0,3
BRDA:203,28,1,1
BRDA:204,29,0,3
BRDA:204,29,1,1
BRDA:218,30,0,3
BRDA:218,30,1,1
BRDA:223,31,0,3
BRDA:223,31,1,1
BRDA:224,32,0,3
BRDA:224,32,1,1
BRDA:225,33,0,3
BRDA:225,33,1,0
BRDA:226,34,0,3
BRDA:226,34,1,2
BRDA:227,35,0,2
BRDA:227,35,1,1
BRDA:228,36,0,2
BRDA:228,36,1,1
BRDA:230,37,0,3
BRDA:230,37,1,2
BRDA:231,38,0,3
BRDA:231,38,1,2
BRDA:232,39,0,3
BRDA:232,39,1,3
BRF:82
BRH:80
end_of_record
TN:
SF:lib/supabase/server.ts
FN:10,getSupabaseServerClient
FN:22,(anonymous_1)
FN:25,(anonymous_2)
FN:26,(anonymous_3)
FN:47,getSupabaseAdminClient
FNF:5
FNH:1
FNDA:0,getSupabaseServerClient
FNDA:0,(anonymous_1)
FNDA:0,(anonymous_2)
FNDA:0,(anonymous_3)
FNDA:1,getSupabaseAdminClient
DA:11,0
DA:12,0
DA:14,0
DA:15,0
DA:18,0
DA:20,0
DA:23,0
DA:26,0
DA:27,0
DA:28,0
DA:48,1
DA:49,1
DA:51,1
DA:52,1
DA:53,1
DA:56,0
LF:16
LH:5
BRDA:14,0,0,0
BRDA:14,0,1,0
BRDA:14,1,0,0
BRDA:14,1,1,0
BRDA:51,2,0,1
BRDA:51,2,1,0
BRDA:51,3,0,1
BRDA:51,3,1,0
BRF:8
BRH:2
end_of_record
TN:
SF:lib/youtube/utils.ts
FN:9,extractYouTubeVideoId
FN:36,isValidYouTubeUrl
FN:43,getYouTubeEmbedUrl
FN:50,getYouTubeThumbnailUrl
FN:65,validateAndExtractYouTubeId
FNF:5
FNH:5
FNDA:23,extractYouTubeVideoId
FNDA:9,isValidYouTubeUrl
FNDA:2,getYouTubeEmbedUrl
FNDA:4,getYouTubeThumbnailUrl
FNDA:7,validateAndExtractYouTubeId
DA:10,23
DA:13,21
DA:16,21
DA:23,21
DA:24,30
DA:25,30
DA:26,14
DA:30,7
DA:37,9
DA:44,2
DA:51,4
DA:58,4
DA:66,7
DA:68,4
DA:69,4
DA:72,2
DA:74,2
LF:17
LH:17
BRDA:10,0,0,2
BRDA:10,0,1,21
BRDA:25,1,0,14
BRDA:25,1,1,16
BRDA:25,2,0,30
BRDA:25,2,1,14
BRDA:50,3,0,4
BRDA:66,4,0,3
BRDA:66,4,1,4
BRDA:66,5,0,7
BRDA:66,5,1,4
BRDA:69,6,0,2
BRDA:69,6,1,2
BRDA:72,7,0,0
BRDA:72,7,1,2
BRF:15
BRH:14
end_of_record
